#
# A fatal error has been detected by the Java Runtime Environment:
#
#  EXCEPTION_ACCESS_VIOLATION (0xc0000005) at pc=0x000002325ef58d77, pid=25176, tid=21804
#
# JRE version: OpenJDK Runtime Environment Temurin-21.0.3+9 (21.0.3+9) (build 21.0.3+9-LTS)
# Java VM: OpenJDK 64-Bit Server VM Temurin-21.0.3+9 (21.0.3+9-LTS, mixed mode, emulated-client, tiered, compressed oops, compressed class ptrs, g1 gc, windows-amd64)
# Problematic frame:
# v  ~BufferBlob::MethodHandles adapters 0x000002325ef58d77
#
# No core dump will be written. Minidumps are not enabled by default on client versions of Windows
#
# If you would like to submit a bug report, please visit:
#   https://github.com/adoptium/adoptium-support/issues
#

---------------  S U M M A R Y ------------

Command Line: -XX:+ShowCodeDetailsInExceptionMessages -agentlib:jdwp=transport=dt_socket,suspend=y,address=localhost:52657 -Dcom.sun.management.jmxremote -Dcom.sun.management.jmxremote.port=52655 -Dcom.sun.management.jmxremote.authenticate=false -Dcom.sun.management.jmxremote.ssl=false -Djava.rmi.server.hostname=localhost -Dspring.jmx.enabled=true -Dmanagement.endpoints.jmx.exposure.include=* -Dspring.application.admin.enabled=true -XX:TieredStopAtLevel=1 -Dspring.boot.project.name=IRL_Printer_Data_System -javaagent:C:\STS4\sts-4.23.1.RELEASE\configuration\org.eclipse.osgi\270\0\.cp\lib\javaagent-shaded.jar -Dfile.encoding=UTF-8 -Dstdout.encoding=UTF-8 -Dstderr.encoding=UTF-8 irl.printer.data.IrlPrinterDataSystemApplication --spring.output.ansi.enabled=always

Host: 11th Gen Intel(R) Core(TM) i5-1135G7 @ 2.40GHz, 8 cores, 7G,  Windows 11 , 64 bit Build 22621 (10.0.22621.3958)
Time: Sat Aug  3 08:09:29 2024 Mountain Daylight Time elapsed time: 124.865595 seconds (0d 0h 2m 4s)

---------------  T H R E A D  ---------------

Current thread (0x000002326e1541f0):  JavaThread "http-nio-8080-exec-1" daemon [_thread_in_Java, id=21804, stack(0x000000ddc5300000,0x000000ddc5400000) (1024K)]

Stack: [0x000000ddc5300000,0x000000ddc5400000],  sp=0x000000ddc53f7ba8,  free space=990k
Native frames: (J=compiled Java code, j=interpreted, Vv=VM code, C=native code)
C  0x000002325ef58d77

The last pc belongs to _linkToVirtual (printed below).

siginfo: EXCEPTION_ACCESS_VIOLATION (0xc0000005), reading address 0x0000023200000011


Registers:
RAX=0x000002325ef09086, RBX=0x0000023200000001, RCX=0x000000ddc53f7bb8, RDX=0x0000000000000003
RSP=0x000000ddc53f7ba8, RBP=0x000000ddc53f7c00, RSI=0x0000023274188d98, RDI=0x000002326f50d910
R8 =0x0000000000000004, R9 =0x0000000000000004, R10=0x0000000350045398, R11=0x000002326a008a80
R12=0x0000000000000000, R13=0x000000ddc53f7ba8, R14=0x000000ddc53f7c28, R15=0x000002326e1541f0
RIP=0x000002325ef58d77, EFLAGS=0x0000000000010202


Register to memory mapping:

RAX=0x000002325ef09086 is at code_begin+3078 in an Interpreter codelet
return entry points  [0x000002325ef08480, 0x000002325ef0a298]  7704 bytes
RBX=0x0000023200000001 is an unknown value
RCX=0x000000ddc53f7bb8 is pointing into the stack for thread: 0x000002326e1541f0
RDX=0x0000000000000003 is an unknown value
RSP=0x000000ddc53f7ba8 is pointing into the stack for thread: 0x000002326e1541f0
RBP=0x000000ddc53f7c00 is pointing into the stack for thread: 0x000002326e1541f0
RSI=0x0000023274188d98 points into unknown readable memory: 0x80000709b2c2a39a | 9a a3 c2 b2 09 07 00 80
RDI=0x000002326f50d910 points into unknown readable memory: 0x0000002000000070 | 70 00 00 00 20 00 00 00
R8 =0x0000000000000004 is an unknown value
R9 =0x0000000000000004 is an unknown value
R10=0x0000000350045398 is an unknown value
R11={method} {0x000002326a008a88} 'invokeVirtual' '(Ljava/lang/Object;Ljava/lang/Object;I)V' in 'java/lang/invoke/LambdaForm$DMH+0x0000000100484000'
R12=0x0 is null
R13=0x000000ddc53f7ba8 is pointing into the stack for thread: 0x000002326e1541f0
R14=0x000000ddc53f7c28 is pointing into the stack for thread: 0x000002326e1541f0
R15=0x000002326e1541f0 is a thread

Top of Stack: (sp=0x000000ddc53f7ba8)
0x000000ddc53f7ba8:   000002325ef09086 00000000868369f8
0x000000ddc53f7bb8:   000000ddc53f7bb8 000002326a008a73
0x000000ddc53f7bc8:   0000000000000005 000002326a008bc0
0x000000ddc53f7bd8:   00007ffaef7747c3 0000000085500698
0x000000ddc53f7be8:   000002326a008a80 000000ddc53f7ba8
0x000000ddc53f7bf8:   000000ddc53f7c30 000000ddc53fef40
0x000000ddc53f7c08:   000002325f91699e 000000008a54b338
0x000000ddc53f7c18:   deaddeaf00000001 00000000868369f8
0x000000ddc53f7c28:   000000008a54b310 00000000858f97a0
0x000000ddc53f7c38:   000002325f1a5d16 000000008a5de4c8
0x000000ddc53f7c48:   00000000858f97a0 000000008a54b368
0x000000ddc53f7c58:   00000000868369f8 000000008550b278
0x000000ddc53f7c68:   0000000084fc0428 000000dd00000001
0x000000ddc53f7c78:   000000008a54b398 000000008a54b310
0x000000ddc53f7c88:   00000000868369f8 000002325f9168a4
0x000000ddc53f7c98:   000002325f139a96 000000ddc53fef40
0x000000ddc53f7ca8:   000002325f8edd8a 00000232600507f4
0x000000ddc53f7cb8:   0000023260050060 000000008a5de4c8
0x000000ddc53f7cc8:   00000000868ce820 0000000000000001
0x000000ddc53f7cd8:   000002326e1541f0 0000000000000000
0x000000ddc53f7ce8:   00007ffaef826191 000000ddc53f7dd0
0x000000ddc53f7cf8:   000002326e1541f0 000000ddc53fef40
0x000000ddc53f7d08:   000002325f2389b4 0000023260050060
0x000000ddc53f7d18:   0000023260051778 0000023260051b28
0x000000ddc53f7d28:   0000000000000c00 0000000000000000
0x000000ddc53f7d38:   0000000000000000 0000000000000000
0x000000ddc53f7d48:   0000000000000000 0000000000000000
0x000000ddc53f7d58:   0000000000000000 000000008a54b3c0
0x000000ddc53f7d68:   00000000898a7a48 00000000868369f8
0x000000ddc53f7d78:   00007ffaef776d00 000002326e1541f0
0x000000ddc53f7d88:   0000000086483308 00000000868ce820
0x000000ddc53f7d98:   00000000858f97a0 00000000858f97a0 

Instructions: (pc=0x000002325ef58d77)
0x000002325ef58c77:   00 00 00 00 00 00 00 00 00 22 00 00 00 00 00 00
0x000002325ef58c87:   00 01 00 00 00 00 00 00 00 38 e6 fc ef fa 7f 00
0x000002325ef58c97:   00 00 8d f5 5e 32 02 00 00 80 9d f5 5e 32 02 00
0x000002325ef58ca7:   00 00 8d f5 5e 32 02 00 00 80 9d f5 5e 32 02 00
0x000002325ef58cb7:   00 f0 8c f5 5e 32 02 00 00 f0 8c f5 5e 32 02 00
0x000002325ef58cc7:   00 00 00 00 00 00 00 00 00 d8 e6 fc ef fa 7f 00
0x000002325ef58cd7:   00 f0 10 00 00 60 00 00 00 ff ff ff ff f0 10 00
0x000002325ef58ce7:   00 00 00 00 00 00 00 00 00 00 00 00 00 00 00 00
0x000002325ef58cf7:   00 00 00 00 00 00 00 00 00 f4 66 66 66 0f 1f 84
0x000002325ef58d07:   00 00 00 00 00 66 66 66 90 66 66 66 0f 1f 84 00
0x000002325ef58d17:   00 00 00 00 66 66 66 90 90 48 8b 53 08 0f b7 52
0x000002325ef58d27:   2e 48 8b 0c d4 8b 59 14 8b 5b 28 8b 5b 24 48 8b
0x000002325ef58d37:   5b 10 48 85 db 0f 84 10 00 00 00 41 80 bf e0 05
0x000002325ef58d47:   00 00 00 74 03 ff 63 38 ff 63 50 e9 29 6f fd ff
0x000002325ef58d57:   66 0f 1f 84 00 00 00 00 00 48 8b 53 08 0f b7 52
0x000002325ef58d67:   2e 48 8b 0c d4 58 5b 50 44 8b 51 08 49 c1 e2 03
0x000002325ef58d77:   4c 8b 5b 10 4b 8b 9c da c8 01 00 00 48 85 db 0f
0x000002325ef58d87:   84 10 00 00 00 41 80 bf e0 05 00 00 00 74 03 ff
0x000002325ef58d97:   63 38 ff 63 50 e9 df 6e fd ff 66 66 66 0f 1f 84
0x000002325ef58da7:   00 00 00 00 00 66 66 66 90 66 66 66 0f 1f 84 00
0x000002325ef58db7:   00 00 00 00 66 66 66 90 90 58 5b 50 8b 5b 24 48
0x000002325ef58dc7:   8b 5b 10 48 85 db 0f 84 10 00 00 00 41 80 bf e0
0x000002325ef58dd7:   05 00 00 00 74 03 ff 63 38 ff 63 50 e9 98 6e fd
0x000002325ef58de7:   ff 66 66 66 0f 1f 84 00 00 00 00 00 66 66 66 90
0x000002325ef58df7:   66 0f 1f 84 00 00 00 00 00 48 8b 53 08 0f b7 52
0x000002325ef58e07:   2e 48 8b 0c d4 58 5b 50 48 3b 01 8b 5b 24 48 8b
0x000002325ef58e17:   5b 10 48 85 db 0f 84 10 00 00 00 41 80 bf e0 05
0x000002325ef58e27:   00 00 00 74 03 ff 63 38 ff 63 50 e9 49 6e fd ff
0x000002325ef58e37:   66 0f 1f 84 00 00 00 00 00 48 8b 53 08 0f b7 52
0x000002325ef58e47:   2e 48 8b 0c d4 58 5b 50 44 8b 51 08 49 c1 e2 03
0x000002325ef58e57:   8b 43 18 48 8b 40 10 48 8b 5b 10 45 8b 9a a0 00
0x000002325ef58e67:   00 00 4f 8d 9c da c8 01 00 00 4d 8d 14 da 49 8b 


Stack slot to memory mapping:

stack at sp + 0 slots: 0x000002325ef09086 is at code_begin+3078 in an Interpreter codelet
return entry points  [0x000002325ef08480, 0x000002325ef0a298]  7704 bytes
stack at sp + 1 slots: 0x00000000868369f8 is an oop: irl.printer.data.controller.DataController 
{0x00000000868369f8} - klass: 'irl/printer/data/controller/DataController'
 - ---- fields (total size 2 words):
 - private 'dataService' 'Lirl/printer/data/service/DataService;' @12  a 'irl/printer/data/service/impl/DataServiceImpl'{0x0000000086836a08} (0x86836a08)
stack at sp + 2 slots: 0x000000ddc53f7bb8 is pointing into the stack for thread: 0x000002326e1541f0
stack at sp + 3 slots: 0x000002326a008a73 is pointing into metadata
stack at sp + 4 slots: 0x0000000000000005 is an unknown value
stack at sp + 5 slots: 0x000002326a008bc0 is pointing into metadata
stack at sp + 6 slots: 0x00007ffaef7747c3 jvm.dll
stack at sp + 7 slots: 0x0000000085500698 is an oop: java.lang.Class 
{0x0000000085500698} - klass: 'java/lang/Class'
 - ---- fields (total size 15 words):
 - private volatile transient 'classRedefinedCount' 'I' @12  0 (0x00000000)
 - injected 'klass' 'J' @16  4299702272 (0x0000000100484000)
 - injected 'array_klass' 'J' @24  0 (0x0000000000000000)
 - injected 'oop_size' 'I' @32  15 (0x0000000f)
 - injected 'static_oop_field_count' 'I' @36  1 (0x00000001)
 - private volatile transient 'cachedConstructor' 'Ljava/lang/reflect/Constructor;' @40  null (0x00000000)
 - private transient 'name' 'Ljava/lang/String;' @44  null (0x00000000)
 - private transient 'module' 'Ljava/lang/Module;' @48  a 'java/lang/Module'{0x00000000850bbba0} (0x850bbba0)
 - private final 'classLoader' 'Ljava/lang/ClassLoader;' @52  null (0x00000000)
 - private transient 'classData' 'Ljava/lang/Object;' @56  a 'java/lang/invoke/LambdaForm'{0x0000000085500538} => a 'java/lang/invoke/MemberName'{0x0000000085500668} = {method} {0x000002326a008a88} 'invokeVirtual' '(Ljava/lang/Object;Ljava/lang/Object;I)V' in 'java/lang/invoke/LambdaForm$DMH+0x0000000100484000' (0x85500538)
 - private transient 'packageName' 'Ljava/lang/String;' @60  null (0x00000000)
 - private final 'componentType' 'Ljava/lang/Class;' @64  null (0x00000000)
 - private volatile transient 'reflectionData' 'Ljava/lang/ref/SoftReference;' @68  null (0x00000000)
 - private volatile transient 'genericInfo' 'Lsun/reflect/generics/repository/ClassRepository;' @72  null (0x00000000)
 - private volatile transient 'enumConstants' '[Ljava/lang/Object;' @76  null (0x00000000)
 - private volatile transient 'enumConstantDirectory' 'Ljava/util/Map;' @80  null (0x00000000)
 - private volatile transient 'annotationData' 'Ljava/lang/Class$AnnotationData;' @84  null (0x00000000)
 - private volatile transient 'annotationType' 'Lsun/reflect/annotation/AnnotationType;' @88  null (0x00000000)
 - transient 'classValueMap' 'Ljava/lang/ClassValue$ClassValueMap;' @92  null (0x00000000)
 - injected 'protection_domain' 'Ljava/lang/Object;' @96  null (0x00000000)
 - injected 'signers_name' 'Ljava/lang/Object;' @100  null (0x00000000)
 - injected 'source_file' 'Ljava/lang/Object;' @104  null (0x00000000)
 - signature: Ljava/lang/invoke/LambdaForm$DMH+0x0000000100484000;
 - ---- static fields (1):
 - static final '_D_0' 'Ljava/lang/invoke/LambdaForm;' @112  a 'java/lang/invoke/LambdaForm'{0x0000000085500538} => a 'java/lang/invoke/MemberName'{0x0000000085500668} = {method} {0x000002326a008a88} 'invokeVirtual' '(Ljava/lang/Object;Ljava/lang/Object;I)V' in 'java/lang/invoke/LambdaForm$DMH+0x0000000100484000' (0x85500538)

MethodHandle::interpreter_entry::_linkToVirtual [0x000002325ef58d57, 0x000002325ef58da1] (74 bytes)
[MachCode]
  0x000002325ef58d57: 660f 1f84 | 0000 0000 | 0048 8b53 | 080f b752 | 2e48 8b0c | d458 5b50 | 448b 5108 | 49c1 e203 
  0x000002325ef58d77: 4c8b 5b10 | 4b8b 9cda | c801 0000 | 4885 db0f | 8410 0000 | 0041 80bf | e005 0000 | 0074 03ff 
  0x000002325ef58d97: 6338 ff63 | 50e9 df6e | 
[/MachCode]

---------------  P R O C E S S  ---------------

Threads class SMR info:
_java_thread_list=0x000002326cb11010, length=36, elements={
0x00000232679f7dd0, 0x00000232679f85a0, 0x00000232679faf70, 0x00000232679fb9d0,
0x00000232679fc430, 0x00000232679d9100, 0x00000232679c69c0, 0x0000023267a347b0,
0x0000023267c452f0, 0x0000023267c4a040, 0x0000023267c56ae0, 0x000002326c7e9540,
0x000002326c978d20, 0x000002326c68b1c0, 0x000002326ca1fba0, 0x000002326ca413d0,
0x000002326cf8a990, 0x000002326cfac930, 0x000002326e152e40, 0x000002326e153b60,
0x000002326e152120, 0x000002326e154f10, 0x000002326e1555a0, 0x000002326e1541f0,
0x000002326e154880, 0x000002326f72d590, 0x000002326f72bb50, 0x000002326f72c1e0,
0x000002326f731730, 0x000002326f72e2b0, 0x000002326f731dc0, 0x000002326f72ae30,
0x000002326f72efd0, 0x000002326f732450, 0x000002326f730380, 0x000002326f72f660
}

Java Threads: ( => current thread )
  0x00000232679f7dd0 JavaThread "Reference Handler"          daemon [_thread_blocked, id=24316, stack(0x000000ddc2e00000,0x000000ddc2f00000) (1024K)]
  0x00000232679f85a0 JavaThread "Finalizer"                  daemon [_thread_blocked, id=13380, stack(0x000000ddc2f00000,0x000000ddc3000000) (1024K)]
  0x00000232679faf70 JavaThread "Signal Dispatcher"          daemon [_thread_blocked, id=24052, stack(0x000000ddc3000000,0x000000ddc3100000) (1024K)]
  0x00000232679fb9d0 JavaThread "Attach Listener"            daemon [_thread_blocked, id=26356, stack(0x000000ddc3100000,0x000000ddc3200000) (1024K)]
  0x00000232679fc430 JavaThread "Service Thread"             daemon [_thread_blocked, id=25672, stack(0x000000ddc3200000,0x000000ddc3300000) (1024K)]
  0x00000232679d9100 JavaThread "Monitor Deflation Thread"   daemon [_thread_blocked, id=20620, stack(0x000000ddc3300000,0x000000ddc3400000) (1024K)]
  0x00000232679c69c0 JavaThread "C1 CompilerThread0"         daemon [_thread_blocked, id=10792, stack(0x000000ddc3400000,0x000000ddc3500000) (1024K)]
  0x0000023267a347b0 JavaThread "Common-Cleaner"             daemon [_thread_blocked, id=2712, stack(0x000000ddc3500000,0x000000ddc3600000) (1024K)]
  0x0000023267c452f0 JavaThread "JDWP Transport Listener: dt_socket" daemon [_thread_blocked, id=6312, stack(0x000000ddc3700000,0x000000ddc3800000) (1024K)]
  0x0000023267c4a040 JavaThread "JDWP Event Helper Thread"   daemon [_thread_blocked, id=18756, stack(0x000000ddc3800000,0x000000ddc3900000) (1024K)]
  0x0000023267c56ae0 JavaThread "JDWP Command Reader"        daemon [_thread_in_native, id=17404, stack(0x000000ddc3900000,0x000000ddc3a00000) (1024K)]
  0x000002326c7e9540 JavaThread "Notification Thread"        daemon [_thread_blocked, id=17020, stack(0x000000ddc3a00000,0x000000ddc3b00000) (1024K)]
  0x000002326c978d20 JavaThread "RMI TCP Accept-0"           daemon [_thread_in_native, id=23660, stack(0x000000ddc3d00000,0x000000ddc3e00000) (1024K)]
  0x000002326c68b1c0 JavaThread "RMI TCP Accept-52655"       daemon [_thread_in_native, id=9528, stack(0x000000ddc3e00000,0x000000ddc3f00000) (1024K)]
  0x000002326ca1fba0 JavaThread "RMI TCP Accept-0"           daemon [_thread_in_native, id=19128, stack(0x000000ddc4600000,0x000000ddc4700000) (1024K)]
  0x000002326ca413d0 JavaThread "RMI Scheduler(0)"           daemon [_thread_blocked, id=16936, stack(0x000000ddc4800000,0x000000ddc4900000) (1024K)]
  0x000002326cf8a990 JavaThread "RMI TCP Connection(4)-127.0.0.1" daemon [_thread_in_native, id=20392, stack(0x000000ddc4900000,0x000000ddc4a00000) (1024K)]
  0x000002326cfac930 JavaThread "JMX server connection timeout 38" daemon [_thread_blocked, id=24764, stack(0x000000ddc4a00000,0x000000ddc4b00000) (1024K)]
  0x000002326e152e40 JavaThread "Catalina-utility-1"                [_thread_blocked, id=25500, stack(0x000000ddc4c00000,0x000000ddc4d00000) (1024K)]
  0x000002326e153b60 JavaThread "Catalina-utility-2"                [_thread_blocked, id=1888, stack(0x000000ddc4d00000,0x000000ddc4e00000) (1024K)]
  0x000002326e152120 JavaThread "container-0"                       [_thread_blocked, id=18580, stack(0x000000ddc4e00000,0x000000ddc4f00000) (1024K)]
  0x000002326e154f10 JavaThread "mysql-cj-abandoned-connection-cleanup" daemon [_thread_blocked, id=23764, stack(0x000000ddc4f00000,0x000000ddc5000000) (1024K)]
  0x000002326e1555a0 JavaThread "HikariPool-1 housekeeper"   daemon [_thread_blocked, id=15124, stack(0x000000ddc5100000,0x000000ddc5200000) (1024K)]
=>0x000002326e1541f0 JavaThread "http-nio-8080-exec-1"       daemon [_thread_in_Java, id=21804, stack(0x000000ddc5300000,0x000000ddc5400000) (1024K)]
  0x000002326e154880 JavaThread "http-nio-8080-exec-2"       daemon [_thread_in_Java, id=9904, stack(0x000000ddc5400000,0x000000ddc5500000) (1024K)]
  0x000002326f72d590 JavaThread "http-nio-8080-exec-3"       daemon [_thread_in_Java, id=9808, stack(0x000000ddc5500000,0x000000ddc5600000) (1024K)]
  0x000002326f72bb50 JavaThread "http-nio-8080-exec-4"       daemon [_thread_blocked, id=13168, stack(0x000000ddc5600000,0x000000ddc5700000) (1024K)]
  0x000002326f72c1e0 JavaThread "http-nio-8080-exec-5"       daemon [_thread_blocked, id=25888, stack(0x000000ddc5700000,0x000000ddc5800000) (1024K)]
  0x000002326f731730 JavaThread "http-nio-8080-exec-6"       daemon [_thread_in_Java, id=21308, stack(0x000000ddc5800000,0x000000ddc5900000) (1024K)]
  0x000002326f72e2b0 JavaThread "http-nio-8080-exec-7"       daemon [_thread_blocked, id=15708, stack(0x000000ddc5900000,0x000000ddc5a00000) (1024K)]
  0x000002326f731dc0 JavaThread "http-nio-8080-exec-8"       daemon [_thread_blocked, id=23500, stack(0x000000ddc5a00000,0x000000ddc5b00000) (1024K)]
  0x000002326f72ae30 JavaThread "http-nio-8080-exec-9"       daemon [_thread_in_Java, id=21068, stack(0x000000ddc5b00000,0x000000ddc5c00000) (1024K)]
  0x000002326f72efd0 JavaThread "http-nio-8080-exec-10"      daemon [_thread_in_Java, id=26096, stack(0x000000ddc5c00000,0x000000ddc5d00000) (1024K)]
  0x000002326f732450 JavaThread "http-nio-8080-Poller"       daemon [_thread_in_native, id=8688, stack(0x000000ddc5d00000,0x000000ddc5e00000) (1024K)]
  0x000002326f730380 JavaThread "http-nio-8080-Acceptor"     daemon [_thread_in_native, id=25540, stack(0x000000ddc5e00000,0x000000ddc5f00000) (1024K)]
  0x000002326f72f660 JavaThread "DestroyJavaVM"                     [_thread_blocked, id=14016, stack(0x000000ddc2600000,0x000000ddc2700000) (1024K)]
Total: 36

Other Threads:
  0x00000232599e2960 VMThread "VM Thread"                           [id=10024, stack(0x000000ddc2d00000,0x000000ddc2e00000) (1024K)]
  0x00000232678e5600 WatcherThread "VM Periodic Task Thread"        [id=3216, stack(0x000000ddc2c00000,0x000000ddc2d00000) (1024K)]
  0x00000232599e3440 WorkerThread "GC Thread#0"                     [id=13052, stack(0x000000ddc2700000,0x000000ddc2800000) (1024K)]
  0x00000232599e3b80 WorkerThread "GC Thread#1"                     [id=15596, stack(0x000000ddc3f00000,0x000000ddc4000000) (1024K)]
  0x000002326ca48e50 WorkerThread "GC Thread#2"                     [id=26576, stack(0x000000ddc4000000,0x000000ddc4100000) (1024K)]
  0x000002326ca491f0 WorkerThread "GC Thread#3"                     [id=15052, stack(0x000000ddc4100000,0x000000ddc4200000) (1024K)]
  0x000002326ca47890 WorkerThread "GC Thread#4"                     [id=23084, stack(0x000000ddc4200000,0x000000ddc4300000) (1024K)]
  0x000002326ca47c30 WorkerThread "GC Thread#5"                     [id=26160, stack(0x000000ddc4300000,0x000000ddc4400000) (1024K)]
  0x000002326ca474f0 WorkerThread "GC Thread#6"                     [id=21380, stack(0x000000ddc4400000,0x000000ddc4500000) (1024K)]
  0x000002326ca49590 WorkerThread "GC Thread#7"                     [id=16304, stack(0x000000ddc4500000,0x000000ddc4600000) (1024K)]
  0x0000023259ca3980 ConcurrentGCThread "G1 Main Marker"            [id=11572, stack(0x000000ddc2800000,0x000000ddc2900000) (1024K)]
  0x00000232599e25c0 WorkerThread "G1 Conc#0"                       [id=25064, stack(0x000000ddc2900000,0x000000ddc2a00000) (1024K)]
  0x000002326ca49930 WorkerThread "G1 Conc#1"                       [id=6364, stack(0x000000ddc4b00000,0x000000ddc4c00000) (1024K)]
  0x00000232677ba530 ConcurrentGCThread "G1 Refine#0"               [id=25068, stack(0x000000ddc2a00000,0x000000ddc2b00000) (1024K)]
  0x00000232677baeb0 ConcurrentGCThread "G1 Service"                [id=9620, stack(0x000000ddc2b00000,0x000000ddc2c00000) (1024K)]
Total: 15

Threads with active compile tasks:
Total: 0

VM state: not at safepoint (normal execution)

VM Mutex/Monitor currently owned by a thread: None

Heap address: 0x0000000084c00000, size: 1972 MB, Compressed Oops mode: 32-bit

CDS archive(s) not mapped
Compressed class space mapped at: 0x0000000100000000-0x0000000140000000, reserved size: 1073741824
Narrow klass base: 0x0000000000000000, Narrow klass shift: 3, Narrow klass range: 0x140000000

GC Precious Log:
 CardTable entry size: 512
 Card Set container configuration: InlinePtr #cards 5 size 8 Array Of Cards #cards 12 size 40 Howl #buckets 4 coarsen threshold 1843 Howl Bitmap #cards 512 size 80 coarsen threshold 460 Card regions per heap region 1 cards per card region 2048
 CPUs: 8 total, 8 available
 Memory: 7886M
 Large Page Support: Disabled
 NUMA Support: Disabled
 Compressed Oops: Enabled (32-bit)
 Heap Region Size: 1M
 Heap Min Capacity: 8M
 Heap Initial Capacity: 124M
 Heap Max Capacity: 1972M
 Pre-touch: Disabled
 Parallel Workers: 8
 Concurrent Workers: 2
 Concurrent Refinement Workers: 8
 Periodic GC: Disabled

Heap:
 garbage-first heap   total 115712K, used 73357K [0x0000000084c00000, 0x0000000100000000)
  region size 1024K, 41 young (41984K), 5 survivors (5120K)
 Metaspace       used 89443K, committed 90176K, reserved 1179648K
  class space    used 11602K, committed 11904K, reserved 1048576K

Heap Regions: E=young(eden), S=young(survivor), O=old, HS=humongous(starts), HC=humongous(continues), CS=collection set, F=free, TAMS=top-at-mark-start, PB=parsable bottom
|   0|0x0000000084c00000, 0x0000000084d00000, 0x0000000084d00000|100%|HS|  |TAMS 0x0000000084c00000| PB 0x0000000084c00000| Complete 
|   1|0x0000000084d00000, 0x0000000084e00000, 0x0000000084e00000|100%| O|  |TAMS 0x0000000084d00000| PB 0x0000000084d00000| Untracked 
|   2|0x0000000084e00000, 0x0000000084f00000, 0x0000000084f00000|100%| O|  |TAMS 0x0000000084e00000| PB 0x0000000084e00000| Untracked 
|   3|0x0000000084f00000, 0x0000000085000000, 0x0000000085000000|100%| O|  |TAMS 0x0000000084f00000| PB 0x0000000084f00000| Untracked 
|   4|0x0000000085000000, 0x0000000085100000, 0x0000000085100000|100%| O|  |TAMS 0x0000000085000000| PB 0x0000000085000000| Untracked 
|   5|0x0000000085100000, 0x0000000085200000, 0x0000000085200000|100%| O|  |TAMS 0x0000000085100000| PB 0x0000000085100000| Untracked 
|   6|0x0000000085200000, 0x0000000085300000, 0x0000000085300000|100%| O|  |TAMS 0x0000000085200000| PB 0x0000000085200000| Untracked 
|   7|0x0000000085300000, 0x0000000085400000, 0x0000000085400000|100%| O|  |TAMS 0x0000000085300000| PB 0x0000000085300000| Untracked 
|   8|0x0000000085400000, 0x0000000085500000, 0x0000000085500000|100%| O|  |TAMS 0x0000000085400000| PB 0x0000000085400000| Untracked 
|   9|0x0000000085500000, 0x0000000085600000, 0x0000000085600000|100%| O|  |TAMS 0x0000000085500000| PB 0x0000000085500000| Untracked 
|  10|0x0000000085600000, 0x0000000085700000, 0x0000000085700000|100%| O|  |TAMS 0x0000000085600000| PB 0x0000000085600000| Untracked 
|  11|0x0000000085700000, 0x0000000085800000, 0x0000000085800000|100%| O|  |TAMS 0x0000000085700000| PB 0x0000000085700000| Untracked 
|  12|0x0000000085800000, 0x0000000085900000, 0x0000000085900000|100%| O|  |TAMS 0x0000000085800000| PB 0x0000000085800000| Untracked 
|  13|0x0000000085900000, 0x0000000085a00000, 0x0000000085a00000|100%| O|  |TAMS 0x0000000085900000| PB 0x0000000085900000| Untracked 
|  14|0x0000000085a00000, 0x0000000085b00000, 0x0000000085b00000|100%| O|  |TAMS 0x0000000085a00000| PB 0x0000000085a00000| Untracked 
|  15|0x0000000085b00000, 0x0000000085c00000, 0x0000000085c00000|100%| O|  |TAMS 0x0000000085b00000| PB 0x0000000085b00000| Untracked 
|  16|0x0000000085c00000, 0x0000000085d00000, 0x0000000085d00000|100%| O|  |TAMS 0x0000000085c00000| PB 0x0000000085c00000| Untracked 
|  17|0x0000000085d00000, 0x0000000085e00000, 0x0000000085e00000|100%| O|Cm|TAMS 0x0000000085d00000| PB 0x0000000085d00000| Complete 
|  18|0x0000000085e00000, 0x0000000085f00000, 0x0000000085f00000|100%| O|  |TAMS 0x0000000085e00000| PB 0x0000000085e00000| Untracked 
|  19|0x0000000085f00000, 0x0000000086000000, 0x0000000086000000|100%| O|  |TAMS 0x0000000085f00000| PB 0x0000000085f00000| Untracked 
|  20|0x0000000086000000, 0x0000000086100000, 0x0000000086100000|100%| O|  |TAMS 0x0000000086000000| PB 0x0000000086000000| Untracked 
|  21|0x0000000086100000, 0x0000000086200000, 0x0000000086200000|100%| O|  |TAMS 0x0000000086100000| PB 0x0000000086100000| Untracked 
|  22|0x0000000086200000, 0x0000000086300000, 0x0000000086300000|100%| O|  |TAMS 0x0000000086200000| PB 0x0000000086200000| Untracked 
|  23|0x0000000086300000, 0x0000000086400000, 0x0000000086400000|100%| O|  |TAMS 0x0000000086300000| PB 0x0000000086300000| Untracked 
|  24|0x0000000086400000, 0x0000000086500000, 0x0000000086500000|100%| O|  |TAMS 0x0000000086400000| PB 0x0000000086400000| Untracked 
|  25|0x0000000086500000, 0x0000000086600000, 0x0000000086600000|100%| O|  |TAMS 0x0000000086500000| PB 0x0000000086500000| Untracked 
|  26|0x0000000086600000, 0x0000000086700000, 0x0000000086700000|100%| O|  |TAMS 0x0000000086600000| PB 0x0000000086600000| Untracked 
|  27|0x0000000086700000, 0x0000000086800000, 0x0000000086800000|100%| O|  |TAMS 0x0000000086700000| PB 0x0000000086700000| Untracked 
|  28|0x0000000086800000, 0x0000000086900000, 0x0000000086900000|100%| O|  |TAMS 0x0000000086800000| PB 0x0000000086800000| Untracked 
|  29|0x0000000086900000, 0x0000000086a00000, 0x0000000086a00000|100%| O|  |TAMS 0x0000000086900000| PB 0x0000000086900000| Untracked 
|  30|0x0000000086a00000, 0x0000000086b00000, 0x0000000086b00000|100%| O|Cm|TAMS 0x0000000086a00000| PB 0x0000000086a00000| Complete 
|  31|0x0000000086b00000, 0x0000000086c00000, 0x0000000086c00000|100%| O|  |TAMS 0x0000000086b00000| PB 0x0000000086b00000| Untracked 
|  32|0x0000000086c00000, 0x0000000086c58340, 0x0000000086d00000| 34%| O|  |TAMS 0x0000000086c00000| PB 0x0000000086c00000| Untracked 
|  33|0x0000000086d00000, 0x0000000086d00000, 0x0000000086e00000|  0%| F|  |TAMS 0x0000000086d00000| PB 0x0000000086d00000| Untracked 
|  34|0x0000000086e00000, 0x0000000086e00000, 0x0000000086f00000|  0%| F|  |TAMS 0x0000000086e00000| PB 0x0000000086e00000| Untracked 
|  35|0x0000000086f00000, 0x0000000086f00000, 0x0000000087000000|  0%| F|  |TAMS 0x0000000086f00000| PB 0x0000000086f00000| Untracked 
|  36|0x0000000087000000, 0x0000000087000000, 0x0000000087100000|  0%| F|  |TAMS 0x0000000087000000| PB 0x0000000087000000| Untracked 
|  37|0x0000000087100000, 0x0000000087100000, 0x0000000087200000|  0%| F|  |TAMS 0x0000000087100000| PB 0x0000000087100000| Untracked 
|  38|0x0000000087200000, 0x0000000087200000, 0x0000000087300000|  0%| F|  |TAMS 0x0000000087200000| PB 0x0000000087200000| Untracked 
|  39|0x0000000087300000, 0x0000000087300000, 0x0000000087400000|  0%| F|  |TAMS 0x0000000087300000| PB 0x0000000087300000| Untracked 
|  40|0x0000000087400000, 0x0000000087400000, 0x0000000087500000|  0%| F|  |TAMS 0x0000000087400000| PB 0x0000000087400000| Untracked 
|  41|0x0000000087500000, 0x0000000087500000, 0x0000000087600000|  0%| F|  |TAMS 0x0000000087500000| PB 0x0000000087500000| Untracked 
|  42|0x0000000087600000, 0x0000000087600000, 0x0000000087700000|  0%| F|  |TAMS 0x0000000087600000| PB 0x0000000087600000| Untracked 
|  43|0x0000000087700000, 0x0000000087700000, 0x0000000087800000|  0%| F|  |TAMS 0x0000000087700000| PB 0x0000000087700000| Untracked 
|  44|0x0000000087800000, 0x0000000087800000, 0x0000000087900000|  0%| F|  |TAMS 0x0000000087800000| PB 0x0000000087800000| Untracked 
|  45|0x0000000087900000, 0x0000000087900000, 0x0000000087a00000|  0%| F|  |TAMS 0x0000000087900000| PB 0x0000000087900000| Untracked 
|  46|0x0000000087a00000, 0x0000000087a00000, 0x0000000087b00000|  0%| F|  |TAMS 0x0000000087a00000| PB 0x0000000087a00000| Untracked 
|  47|0x0000000087b00000, 0x0000000087b00000, 0x0000000087c00000|  0%| F|  |TAMS 0x0000000087b00000| PB 0x0000000087b00000| Untracked 
|  48|0x0000000087c00000, 0x0000000087c00000, 0x0000000087d00000|  0%| F|  |TAMS 0x0000000087c00000| PB 0x0000000087c00000| Untracked 
|  49|0x0000000087d00000, 0x0000000087d00000, 0x0000000087e00000|  0%| F|  |TAMS 0x0000000087d00000| PB 0x0000000087d00000| Untracked 
|  50|0x0000000087e00000, 0x0000000087e00000, 0x0000000087f00000|  0%| F|  |TAMS 0x0000000087e00000| PB 0x0000000087e00000| Untracked 
|  51|0x0000000087f00000, 0x0000000087f00000, 0x0000000088000000|  0%| F|  |TAMS 0x0000000087f00000| PB 0x0000000087f00000| Untracked 
|  52|0x0000000088000000, 0x0000000088000000, 0x0000000088100000|  0%| F|  |TAMS 0x0000000088000000| PB 0x0000000088000000| Untracked 
|  53|0x0000000088100000, 0x0000000088100000, 0x0000000088200000|  0%| F|  |TAMS 0x0000000088100000| PB 0x0000000088100000| Untracked 
|  54|0x0000000088200000, 0x0000000088200000, 0x0000000088300000|  0%| F|  |TAMS 0x0000000088200000| PB 0x0000000088200000| Untracked 
|  55|0x0000000088300000, 0x0000000088300000, 0x0000000088400000|  0%| F|  |TAMS 0x0000000088300000| PB 0x0000000088300000| Untracked 
|  56|0x0000000088400000, 0x0000000088400000, 0x0000000088500000|  0%| F|  |TAMS 0x0000000088400000| PB 0x0000000088400000| Untracked 
|  57|0x0000000088500000, 0x0000000088500000, 0x0000000088600000|  0%| F|  |TAMS 0x0000000088500000| PB 0x0000000088500000| Untracked 
|  58|0x0000000088600000, 0x0000000088600000, 0x0000000088700000|  0%| F|  |TAMS 0x0000000088600000| PB 0x0000000088600000| Untracked 
|  59|0x0000000088700000, 0x0000000088700000, 0x0000000088800000|  0%| F|  |TAMS 0x0000000088700000| PB 0x0000000088700000| Untracked 
|  60|0x0000000088800000, 0x0000000088800000, 0x0000000088900000|  0%| F|  |TAMS 0x0000000088800000| PB 0x0000000088800000| Untracked 
|  61|0x0000000088900000, 0x0000000088900000, 0x0000000088a00000|  0%| F|  |TAMS 0x0000000088900000| PB 0x0000000088900000| Untracked 
|  62|0x0000000088a00000, 0x0000000088a00000, 0x0000000088b00000|  0%| F|  |TAMS 0x0000000088a00000| PB 0x0000000088a00000| Untracked 
|  63|0x0000000088b00000, 0x0000000088b00000, 0x0000000088c00000|  0%| F|  |TAMS 0x0000000088b00000| PB 0x0000000088b00000| Untracked 
|  64|0x0000000088c00000, 0x0000000088c00000, 0x0000000088d00000|  0%| F|  |TAMS 0x0000000088c00000| PB 0x0000000088c00000| Untracked 
|  65|0x0000000088d00000, 0x0000000088d00000, 0x0000000088e00000|  0%| F|  |TAMS 0x0000000088d00000| PB 0x0000000088d00000| Untracked 
|  66|0x0000000088e00000, 0x0000000088e00000, 0x0000000088f00000|  0%| F|  |TAMS 0x0000000088e00000| PB 0x0000000088e00000| Untracked 
|  67|0x0000000088f00000, 0x0000000088f00000, 0x0000000089000000|  0%| F|  |TAMS 0x0000000088f00000| PB 0x0000000088f00000| Untracked 
|  68|0x0000000089000000, 0x0000000089000000, 0x0000000089100000|  0%| F|  |TAMS 0x0000000089000000| PB 0x0000000089000000| Untracked 
|  69|0x0000000089100000, 0x0000000089100000, 0x0000000089200000|  0%| F|  |TAMS 0x0000000089100000| PB 0x0000000089100000| Untracked 
|  70|0x0000000089200000, 0x0000000089200000, 0x0000000089300000|  0%| F|  |TAMS 0x0000000089200000| PB 0x0000000089200000| Untracked 
|  71|0x0000000089300000, 0x0000000089300000, 0x0000000089400000|  0%| F|  |TAMS 0x0000000089300000| PB 0x0000000089300000| Untracked 
|  72|0x0000000089400000, 0x000000008948f950, 0x0000000089500000| 56%| E|  |TAMS 0x0000000089400000| PB 0x0000000089400000| Complete 
|  73|0x0000000089500000, 0x0000000089600000, 0x0000000089600000|100%| E|CS|TAMS 0x0000000089500000| PB 0x0000000089500000| Complete 
|  74|0x0000000089600000, 0x0000000089700000, 0x0000000089700000|100%| E|CS|TAMS 0x0000000089600000| PB 0x0000000089600000| Complete 
|  75|0x0000000089700000, 0x0000000089800000, 0x0000000089800000|100%| E|CS|TAMS 0x0000000089700000| PB 0x0000000089700000| Complete 
|  76|0x0000000089800000, 0x0000000089900000, 0x0000000089900000|100%| E|CS|TAMS 0x0000000089800000| PB 0x0000000089800000| Complete 
|  77|0x0000000089900000, 0x0000000089a00000, 0x0000000089a00000|100%| E|CS|TAMS 0x0000000089900000| PB 0x0000000089900000| Complete 
|  78|0x0000000089a00000, 0x0000000089b00000, 0x0000000089b00000|100%| E|CS|TAMS 0x0000000089a00000| PB 0x0000000089a00000| Complete 
|  79|0x0000000089b00000, 0x0000000089c00000, 0x0000000089c00000|100%| E|CS|TAMS 0x0000000089b00000| PB 0x0000000089b00000| Complete 
|  80|0x0000000089c00000, 0x0000000089d00000, 0x0000000089d00000|100%| E|CS|TAMS 0x0000000089c00000| PB 0x0000000089c00000| Complete 
|  81|0x0000000089d00000, 0x0000000089e00000, 0x0000000089e00000|100%| E|CS|TAMS 0x0000000089d00000| PB 0x0000000089d00000| Complete 
|  82|0x0000000089e00000, 0x0000000089f00000, 0x0000000089f00000|100%| E|CS|TAMS 0x0000000089e00000| PB 0x0000000089e00000| Complete 
|  83|0x0000000089f00000, 0x000000008a000000, 0x000000008a000000|100%| E|CS|TAMS 0x0000000089f00000| PB 0x0000000089f00000| Complete 
|  84|0x000000008a000000, 0x000000008a100000, 0x000000008a100000|100%| E|CS|TAMS 0x000000008a000000| PB 0x000000008a000000| Complete 
|  85|0x000000008a100000, 0x000000008a14b2d0, 0x000000008a200000| 29%| S|CS|TAMS 0x000000008a100000| PB 0x000000008a100000| Complete 
|  86|0x000000008a200000, 0x000000008a300000, 0x000000008a300000|100%| S|CS|TAMS 0x000000008a200000| PB 0x000000008a200000| Complete 
|  87|0x000000008a300000, 0x000000008a400000, 0x000000008a400000|100%| S|CS|TAMS 0x000000008a300000| PB 0x000000008a300000| Complete 
|  88|0x000000008a400000, 0x000000008a500000, 0x000000008a500000|100%| S|CS|TAMS 0x000000008a400000| PB 0x000000008a400000| Complete 
|  89|0x000000008a500000, 0x000000008a600000, 0x000000008a600000|100%| S|CS|TAMS 0x000000008a500000| PB 0x000000008a500000| Complete 
|  90|0x000000008a600000, 0x000000008a700000, 0x000000008a700000|100%| E|CS|TAMS 0x000000008a600000| PB 0x000000008a600000| Complete 
|  91|0x000000008a700000, 0x000000008a800000, 0x000000008a800000|100%| E|CS|TAMS 0x000000008a700000| PB 0x000000008a700000| Complete 
|  92|0x000000008a800000, 0x000000008a900000, 0x000000008a900000|100%| E|CS|TAMS 0x000000008a800000| PB 0x000000008a800000| Complete 
|  93|0x000000008a900000, 0x000000008aa00000, 0x000000008aa00000|100%| E|CS|TAMS 0x000000008a900000| PB 0x000000008a900000| Complete 
|  94|0x000000008aa00000, 0x000000008ab00000, 0x000000008ab00000|100%| E|CS|TAMS 0x000000008aa00000| PB 0x000000008aa00000| Complete 
|  95|0x000000008ab00000, 0x000000008ac00000, 0x000000008ac00000|100%| E|CS|TAMS 0x000000008ab00000| PB 0x000000008ab00000| Complete 
|  96|0x000000008ac00000, 0x000000008ad00000, 0x000000008ad00000|100%| E|CS|TAMS 0x000000008ac00000| PB 0x000000008ac00000| Complete 
|  97|0x000000008ad00000, 0x000000008ae00000, 0x000000008ae00000|100%| E|CS|TAMS 0x000000008ad00000| PB 0x000000008ad00000| Complete 
|  98|0x000000008ae00000, 0x000000008af00000, 0x000000008af00000|100%| E|CS|TAMS 0x000000008ae00000| PB 0x000000008ae00000| Complete 
|  99|0x000000008af00000, 0x000000008b000000, 0x000000008b000000|100%| E|CS|TAMS 0x000000008af00000| PB 0x000000008af00000| Complete 
| 100|0x000000008b000000, 0x000000008b100000, 0x000000008b100000|100%| E|CS|TAMS 0x000000008b000000| PB 0x000000008b000000| Complete 
| 101|0x000000008b100000, 0x000000008b200000, 0x000000008b200000|100%| E|CS|TAMS 0x000000008b100000| PB 0x000000008b100000| Complete 
| 102|0x000000008b200000, 0x000000008b300000, 0x000000008b300000|100%| E|CS|TAMS 0x000000008b200000| PB 0x000000008b200000| Complete 
| 103|0x000000008b300000, 0x000000008b400000, 0x000000008b400000|100%| E|CS|TAMS 0x000000008b300000| PB 0x000000008b300000| Complete 
| 104|0x000000008b400000, 0x000000008b500000, 0x000000008b500000|100%| E|CS|TAMS 0x000000008b400000| PB 0x000000008b400000| Complete 
| 105|0x000000008b500000, 0x000000008b600000, 0x000000008b600000|100%| E|CS|TAMS 0x000000008b500000| PB 0x000000008b500000| Complete 
| 106|0x000000008b600000, 0x000000008b700000, 0x000000008b700000|100%| E|CS|TAMS 0x000000008b600000| PB 0x000000008b600000| Complete 
| 107|0x000000008b700000, 0x000000008b800000, 0x000000008b800000|100%| E|CS|TAMS 0x000000008b700000| PB 0x000000008b700000| Complete 
| 108|0x000000008b800000, 0x000000008b900000, 0x000000008b900000|100%| E|CS|TAMS 0x000000008b800000| PB 0x000000008b800000| Complete 
| 109|0x000000008b900000, 0x000000008ba00000, 0x000000008ba00000|100%| E|CS|TAMS 0x000000008b900000| PB 0x000000008b900000| Complete 
| 111|0x000000008bb00000, 0x000000008bc00000, 0x000000008bc00000|100%| E|CS|TAMS 0x000000008bb00000| PB 0x000000008bb00000| Complete 
| 112|0x000000008bc00000, 0x000000008bd00000, 0x000000008bd00000|100%| E|CS|TAMS 0x000000008bc00000| PB 0x000000008bc00000| Complete 
| 123|0x000000008c700000, 0x000000008c800000, 0x000000008c800000|100%| E|CS|TAMS 0x000000008c700000| PB 0x000000008c700000| Complete 

Card table byte_map: [0x0000023262bc0000,0x0000023262fa0000] _byte_map_base: 0x000002326279a000

Marking Bits: (CMBitMap*) 0x0000023259c93a20
 Bits: [0x0000023262fa0000, 0x0000023264e70000)

Polling page: 0x000002325eee0000

Metaspace:

Usage:
  Non-class:     76.02 MB used.
      Class:     11.33 MB used.
       Both:     87.35 MB used.

Virtual space:
  Non-class space:      128.00 MB reserved,      76.44 MB ( 60%) committed,  2 nodes.
      Class space:        1.00 GB reserved,      11.62 MB (  1%) committed,  1 nodes.
             Both:        1.12 GB reserved,      88.06 MB (  8%) committed. 

Chunk freelists:
   Non-Class:  3.01 MB
       Class:  4.25 MB
        Both:  7.26 MB

MaxMetaspaceSize: unlimited
CompressedClassSpaceSize: 1.00 GB
Initial GC threshold: 21.00 MB
Current GC threshold: 146.81 MB
CDS: off
 - commit_granule_bytes: 65536.
 - commit_granule_words: 8192.
 - virtual_space_node_default_size: 8388608.
 - enlarge_chunks_in_place: 1.
 - use_allocation_guard: 0.


Internal statistics:

num_allocs_failed_limit: 11.
num_arena_births: 1082.
num_arena_deaths: 0.
num_vsnodes_births: 3.
num_vsnodes_deaths: 0.
num_space_committed: 1409.
num_space_uncommitted: 0.
num_chunks_returned_to_freelist: 11.
num_chunks_taken_from_freelist: 3829.
num_chunk_merges: 8.
num_chunk_splits: 2840.
num_chunks_enlarged: 2238.
num_inconsistent_stats: 0.

CodeCache: size=49152Kb used=20125Kb max_used=21794Kb free=29026Kb
 bounds [0x000002325ef00000, 0x00000232604c0000, 0x0000023261f00000]
 total_blobs=10624 nmethods=9886 adapters=661
 compilation: enabled
              stopped_count=0, restarted_count=0
 full_count=0

Compilation events (20 events):
Event: 64.385 Thread 0x00000232679c69c0 10873       1       java.util.concurrent.ScheduledThreadPoolExecutor::canRunInCurrentRunState (61 bytes)
Event: 64.385 Thread 0x00000232679c69c0 nmethod 10873 0x0000023260008290 code [0x0000023260008460, 0x0000023260008718]
Event: 70.371 Thread 0x00000232679c69c0 10875       1       java.util.concurrent.ThreadPoolExecutor::workerCountOf (5 bytes)
Event: 70.372 Thread 0x00000232679c69c0 nmethod 10875 0x000002325f669110 code [0x000002325f6692a0, 0x000002325f669350]
Event: 82.985 Thread 0x00000232679c69c0 10876       1       java.util.HashMap::valuesToArray (81 bytes)
Event: 82.986 Thread 0x00000232679c69c0 nmethod 10876 0x0000023260007d10 code [0x0000023260007ec0, 0x0000023260008110]
Event: 83.373 Thread 0x00000232679c69c0 10877       1       java.util.concurrent.ThreadPoolExecutor::getQueue (5 bytes)
Event: 83.374 Thread 0x00000232679c69c0 nmethod 10877 0x000002325f671890 code [0x000002325f671a20, 0x000002325f671ae8]
Event: 113.005 Thread 0x00000232679c69c0 10878       1       org.apache.catalina.webresources.Cache$$Lambda/0x0000000100a34000::applyAsLong (8 bytes)
Event: 113.005 Thread 0x00000232679c69c0 nmethod 10878 0x0000023260007990 code [0x0000023260007b20, 0x0000023260007c28]
Event: 113.377 Thread 0x00000232679c69c0 10879   !   1       java.util.concurrent.locks.LockSupport::parkNanos (56 bytes)
Event: 113.377 Thread 0x00000232679c69c0 nmethod 10879 0x0000023260007290 code [0x0000023260007460, 0x00000232600077e0]
Event: 119.856 Thread 0x00000232679c69c0 10880       1       java.io.ObjectInputStream$PeekInputStream::readFully (48 bytes)
Event: 119.857 Thread 0x00000232679c69c0 nmethod 10880 0x0000023260006d90 code [0x0000023260006f40, 0x0000023260007130]
Event: 119.857 Thread 0x00000232679c69c0 10881       1       sun.rmi.runtime.Log$LoggerLog::isLoggable (9 bytes)
Event: 119.857 Thread 0x00000232679c69c0 nmethod 10881 0x0000023260006a10 code [0x0000023260006ba0, 0x0000023260006ca8]
Event: 121.088 Thread 0x00000232679c69c0 10882       1       java.io.ObjectInputStream$BlockDataInputStream::getBlockDataMode (5 bytes)
Event: 121.089 Thread 0x00000232679c69c0 nmethod 10882 0x000002325f674990 code [0x000002325f674b20, 0x000002325f674bf0]
Event: 124.372 Thread 0x00000232679c69c0 10883       1       java.util.concurrent.locks.AbstractQueuedSynchronizer::acquireInterruptibly (36 bytes)
Event: 124.372 Thread 0x00000232679c69c0 nmethod 10883 0x0000023260006410 code [0x0000023260006600, 0x0000023260006888]

GC Heap History (20 events):
Event: 3.900 GC heap before
{Heap before GC invocations=18 (full 0):
 garbage-first heap   total 80896K, used 67705K [0x0000000084c00000, 0x0000000100000000)
  region size 1024K, 47 young (48128K), 4 survivors (4096K)
 Metaspace       used 58642K, committed 59200K, reserved 1114112K
  class space    used 7379K, committed 7616K, reserved 1048576K
}
Event: 3.904 GC heap after
{Heap after GC invocations=19 (full 0):
 garbage-first heap   total 97280K, used 24950K [0x0000000084c00000, 0x0000000100000000)
  region size 1024K, 4 young (4096K), 4 survivors (4096K)
 Metaspace       used 58642K, committed 59200K, reserved 1114112K
  class space    used 7379K, committed 7616K, reserved 1048576K
}
Event: 3.945 GC heap before
{Heap before GC invocations=19 (full 0):
 garbage-first heap   total 97280K, used 31094K [0x0000000084c00000, 0x0000000100000000)
  region size 1024K, 12 young (12288K), 4 survivors (4096K)
 Metaspace       used 59622K, committed 60160K, reserved 1114112K
  class space    used 7474K, committed 7744K, reserved 1048576K
}
Event: 3.951 GC heap after
{Heap after GC invocations=20 (full 0):
 garbage-first heap   total 97280K, used 25163K [0x0000000084c00000, 0x0000000100000000)
  region size 1024K, 4 young (4096K), 4 survivors (4096K)
 Metaspace       used 59622K, committed 60160K, reserved 1114112K
  class space    used 7474K, committed 7744K, reserved 1048576K
}
Event: 4.330 GC heap before
{Heap before GC invocations=21 (full 0):
 garbage-first heap   total 96256K, used 77387K [0x0000000084c00000, 0x0000000100000000)
  region size 1024K, 56 young (57344K), 4 survivors (4096K)
 Metaspace       used 65152K, committed 65792K, reserved 1114112K
  class space    used 8482K, committed 8768K, reserved 1048576K
}
Event: 4.334 GC heap after
{Heap after GC invocations=22 (full 0):
 garbage-first heap   total 96256K, used 26204K [0x0000000084c00000, 0x0000000100000000)
  region size 1024K, 5 young (5120K), 5 survivors (5120K)
 Metaspace       used 65152K, committed 65792K, reserved 1114112K
  class space    used 8482K, committed 8768K, reserved 1048576K
}
Event: 4.726 GC heap before
{Heap before GC invocations=22 (full 0):
 garbage-first heap   total 96256K, used 78428K [0x0000000084c00000, 0x0000000100000000)
  region size 1024K, 56 young (57344K), 5 survivors (5120K)
 Metaspace       used 70297K, committed 70912K, reserved 1114112K
  class space    used 9164K, committed 9408K, reserved 1048576K
}
Event: 4.732 GC heap after
{Heap after GC invocations=23 (full 0):
 garbage-first heap   total 96256K, used 27984K [0x0000000084c00000, 0x0000000100000000)
  region size 1024K, 5 young (5120K), 5 survivors (5120K)
 Metaspace       used 70297K, committed 70912K, reserved 1114112K
  class space    used 9164K, committed 9408K, reserved 1048576K
}
Event: 5.191 GC heap before
{Heap before GC invocations=23 (full 0):
 garbage-first heap   total 96256K, used 80208K [0x0000000084c00000, 0x0000000100000000)
  region size 1024K, 56 young (57344K), 5 survivors (5120K)
 Metaspace       used 73991K, committed 74688K, reserved 1114112K
  class space    used 9706K, committed 10048K, reserved 1048576K
}
Event: 5.198 GC heap after
{Heap after GC invocations=24 (full 0):
 garbage-first heap   total 115712K, used 31569K [0x0000000084c00000, 0x0000000100000000)
  region size 1024K, 7 young (7168K), 7 survivors (7168K)
 Metaspace       used 73991K, committed 74688K, reserved 1114112K
  class space    used 9706K, committed 10048K, reserved 1048576K
}
Event: 13.453 GC heap before
{Heap before GC invocations=24 (full 0):
 garbage-first heap   total 115712K, used 91985K [0x0000000084c00000, 0x0000000100000000)
  region size 1024K, 67 young (68608K), 7 survivors (7168K)
 Metaspace       used 77360K, committed 78080K, reserved 1179648K
  class space    used 10194K, committed 10560K, reserved 1048576K
}
Event: 13.461 GC heap after
{Heap after GC invocations=25 (full 0):
 garbage-first heap   total 115712K, used 33194K [0x0000000084c00000, 0x0000000100000000)
  region size 1024K, 6 young (6144K), 6 survivors (6144K)
 Metaspace       used 77360K, committed 78080K, reserved 1179648K
  class space    used 10194K, committed 10560K, reserved 1048576K
}
Event: 13.933 GC heap before
{Heap before GC invocations=25 (full 0):
 garbage-first heap   total 115712K, used 94634K [0x0000000084c00000, 0x0000000100000000)
  region size 1024K, 67 young (68608K), 6 survivors (6144K)
 Metaspace       used 82190K, committed 82944K, reserved 1179648K
  class space    used 10603K, committed 10944K, reserved 1048576K
}
Event: 13.940 GC heap after
{Heap after GC invocations=26 (full 0):
 garbage-first heap   total 115712K, used 35184K [0x0000000084c00000, 0x0000000100000000)
  region size 1024K, 4 young (4096K), 4 survivors (4096K)
 Metaspace       used 82190K, committed 82944K, reserved 1179648K
  class space    used 10603K, committed 10944K, reserved 1048576K
}
Event: 14.386 GC heap before
{Heap before GC invocations=26 (full 0):
 garbage-first heap   total 115712K, used 58736K [0x0000000084c00000, 0x0000000100000000)
  region size 1024K, 29 young (29696K), 4 survivors (4096K)
 Metaspace       used 84195K, committed 84928K, reserved 1179648K
  class space    used 10810K, committed 11136K, reserved 1048576K
}
Event: 14.394 GC heap after
{Heap after GC invocations=27 (full 0):
 garbage-first heap   total 115712K, used 36329K [0x0000000084c00000, 0x0000000100000000)
  region size 1024K, 5 young (5120K), 5 survivors (5120K)
 Metaspace       used 84195K, committed 84928K, reserved 1179648K
  class space    used 10810K, committed 11136K, reserved 1048576K
}
Event: 17.271 GC heap before
{Heap before GC invocations=28 (full 0):
 garbage-first heap   total 115712K, used 98793K [0x0000000084c00000, 0x0000000100000000)
  region size 1024K, 67 young (68608K), 5 survivors (5120K)
 Metaspace       used 89160K, committed 89920K, reserved 1179648K
  class space    used 11570K, committed 11904K, reserved 1048576K
}
Event: 17.280 GC heap after
{Heap after GC invocations=29 (full 0):
 garbage-first heap   total 115712K, used 37550K [0x0000000084c00000, 0x0000000100000000)
  region size 1024K, 5 young (5120K), 5 survivors (5120K)
 Metaspace       used 89160K, committed 89920K, reserved 1179648K
  class space    used 11570K, committed 11904K, reserved 1048576K
}
Event: 26.089 GC heap before
{Heap before GC invocations=29 (full 0):
 garbage-first heap   total 115712K, used 60078K [0x0000000084c00000, 0x0000000100000000)
  region size 1024K, 28 young (28672K), 5 survivors (5120K)
 Metaspace       used 89439K, committed 90176K, reserved 1179648K
  class space    used 11599K, committed 11904K, reserved 1048576K
}
Event: 26.095 GC heap after
{Heap after GC invocations=30 (full 0):
 garbage-first heap   total 115712K, used 37517K [0x0000000084c00000, 0x0000000100000000)
  region size 1024K, 5 young (5120K), 5 survivors (5120K)
 Metaspace       used 89439K, committed 90176K, reserved 1179648K
  class space    used 11599K, committed 11904K, reserved 1048576K
}

Dll operation events (12 events):
Event: 0.032 Loaded shared library C:\STS4\sts-4.23.1.RELEASE\plugins\org.eclipse.justj.openjdk.hotspot.jre.full.win32.x86_64_21.0.3.v20240426-1530\jre\bin\java.dll
Event: 0.038 Loaded shared library C:\STS4\sts-4.23.1.RELEASE\plugins\org.eclipse.justj.openjdk.hotspot.jre.full.win32.x86_64_21.0.3.v20240426-1530\jre\bin\zip.dll
Event: 0.325 Loaded shared library C:\STS4\sts-4.23.1.RELEASE\plugins\org.eclipse.justj.openjdk.hotspot.jre.full.win32.x86_64_21.0.3.v20240426-1530\jre\bin\instrument.dll
Event: 0.334 Loaded shared library C:\STS4\sts-4.23.1.RELEASE\plugins\org.eclipse.justj.openjdk.hotspot.jre.full.win32.x86_64_21.0.3.v20240426-1530\jre\bin\net.dll
Event: 0.336 Loaded shared library C:\STS4\sts-4.23.1.RELEASE\plugins\org.eclipse.justj.openjdk.hotspot.jre.full.win32.x86_64_21.0.3.v20240426-1530\jre\bin\nio.dll
Event: 0.341 Loaded shared library C:\STS4\sts-4.23.1.RELEASE\plugins\org.eclipse.justj.openjdk.hotspot.jre.full.win32.x86_64_21.0.3.v20240426-1530\jre\bin\zip.dll
Event: 0.464 Loaded shared library C:\STS4\sts-4.23.1.RELEASE\plugins\org.eclipse.justj.openjdk.hotspot.jre.full.win32.x86_64_21.0.3.v20240426-1530\jre\bin\jimage.dll
Event: 0.508 Loaded shared library C:\STS4\sts-4.23.1.RELEASE\plugins\org.eclipse.justj.openjdk.hotspot.jre.full.win32.x86_64_21.0.3.v20240426-1530\jre\bin\management.dll
Event: 0.517 Loaded shared library C:\STS4\sts-4.23.1.RELEASE\plugins\org.eclipse.justj.openjdk.hotspot.jre.full.win32.x86_64_21.0.3.v20240426-1530\jre\bin\management_ext.dll
Event: 0.701 Loaded shared library C:\STS4\sts-4.23.1.RELEASE\plugins\org.eclipse.justj.openjdk.hotspot.jre.full.win32.x86_64_21.0.3.v20240426-1530\jre\bin\extnet.dll
Event: 0.730 Loaded shared library C:\STS4\sts-4.23.1.RELEASE\plugins\org.eclipse.justj.openjdk.hotspot.jre.full.win32.x86_64_21.0.3.v20240426-1530\jre\bin\verify.dll
Event: 1.608 Loaded shared library C:\STS4\sts-4.23.1.RELEASE\plugins\org.eclipse.justj.openjdk.hotspot.jre.full.win32.x86_64_21.0.3.v20240426-1530\jre\bin\sunmscapi.dll

Deoptimization events (20 events):
Event: 39.185 Thread 0x000002326f72c1e0 DEOPT PACKING pc=0x000002325fb5ff54 sp=0x000000ddc57f6ab0
Event: 39.185 Thread 0x000002326f72c1e0 DEOPT UNPACKING pc=0x000002325ef588e2 sp=0x000000ddc57f6028 mode 1
Event: 39.185 Thread 0x000002326f72c1e0 DEOPT PACKING pc=0x00000232602e600c sp=0x000000ddc57f6bd0
Event: 39.185 Thread 0x000002326f72c1e0 DEOPT UNPACKING pc=0x000002325ef588e2 sp=0x000000ddc57f60e8 mode 1
Event: 39.188 Thread 0x000002326f72e2b0 DEOPT PACKING pc=0x000002325fb5ff54 sp=0x000000ddc59f6a20
Event: 39.189 Thread 0x000002326f72e2b0 DEOPT UNPACKING pc=0x000002325ef588e2 sp=0x000000ddc59f5f98 mode 1
Event: 39.189 Thread 0x000002326f72e2b0 DEOPT PACKING pc=0x00000232602e600c sp=0x000000ddc59f6b40
Event: 39.189 Thread 0x000002326f72e2b0 DEOPT UNPACKING pc=0x000002325ef588e2 sp=0x000000ddc59f6058 mode 1
Event: 124.697 Thread 0x000002326e1541f0 DEOPT PACKING pc=0x000002325f918f2c sp=0x000000ddc53f7bc0
Event: 124.697 Thread 0x000002326e1541f0 DEOPT UNPACKING pc=0x000002325ef588e2 sp=0x000000ddc53f7068 mode 0
Event: 124.698 Thread 0x000002326e154880 DEOPT PACKING pc=0x000002325f918f2c sp=0x000000ddc54f87f0
Event: 124.698 Thread 0x000002326e154880 DEOPT UNPACKING pc=0x000002325ef588e2 sp=0x000000ddc54f7c98 mode 0
Event: 124.699 Thread 0x000002326f72d590 DEOPT PACKING pc=0x000002325f918f2c sp=0x000000ddc55f7d40
Event: 124.699 Thread 0x000002326f72d590 DEOPT UNPACKING pc=0x000002325ef588e2 sp=0x000000ddc55f71e8 mode 0
Event: 124.700 Thread 0x000002326f731730 DEOPT PACKING pc=0x000002325f918f2c sp=0x000000ddc58f8030
Event: 124.700 Thread 0x000002326f731730 DEOPT UNPACKING pc=0x000002325ef588e2 sp=0x000000ddc58f74d8 mode 0
Event: 124.702 Thread 0x000002326f72ae30 DEOPT PACKING pc=0x000002325f918f2c sp=0x000000ddc5bf7f70
Event: 124.702 Thread 0x000002326f72ae30 DEOPT UNPACKING pc=0x000002325ef588e2 sp=0x000000ddc5bf7418 mode 0
Event: 124.703 Thread 0x000002326f72efd0 DEOPT PACKING pc=0x000002325f918f2c sp=0x000000ddc5cf7d30
Event: 124.703 Thread 0x000002326f72efd0 DEOPT UNPACKING pc=0x000002325ef588e2 sp=0x000000ddc5cf71d8 mode 0

Classes loaded (20 events):
Event: 22.819 Loading class sun/net/www/http/KeepAliveStream
Event: 22.819 Loading class sun/net/www/http/Hurryable
Event: 22.819 Loading class sun/net/www/http/Hurryable done
Event: 22.820 Loading class sun/net/www/MeteredStream
Event: 22.820 Loading class sun/net/www/MeteredStream done
Event: 22.820 Loading class sun/net/www/http/KeepAliveStream done
Event: 22.820 Loading class sun/net/www/http/KeepAliveStreamCleaner
Event: 22.820 Loading class sun/net/www/http/KeepAliveStreamCleaner done
Event: 22.822 Loading class sun/net/www/http/KeepAliveStreamCleaner$1
Event: 22.822 Loading class sun/net/www/http/KeepAliveStreamCleaner$1 done
Event: 22.822 Loading class sun/net/www/http/KeepAliveStreamCleaner$2
Event: 22.823 Loading class sun/net/www/http/KeepAliveStreamCleaner$2 done
Event: 22.824 Loading class sun/net/www/protocol/http/HttpURLConnection$HttpInputStream
Event: 22.824 Loading class sun/net/www/protocol/http/HttpURLConnection$HttpInputStream done
Event: 22.824 Loading class sun/net/www/http/KeepAliveCache$1
Event: 22.824 Loading class sun/net/www/http/KeepAliveCache$1 done
Event: 22.825 Loading class sun/net/www/http/KeepAliveCache$ClientVector
Event: 22.825 Loading class sun/net/www/http/KeepAliveCache$ClientVector done
Event: 22.825 Loading class sun/net/www/http/KeepAliveEntry
Event: 22.825 Loading class sun/net/www/http/KeepAliveEntry done

Classes unloaded (0 events):
No events

Classes redefined (3 events):
Event: 98.146 Thread 0x00000232599e2960 redefined class name=irl.printer.data.service.impl.DataServiceImpl, count=1
Event: 100.242 Thread 0x00000232599e2960 redefined class name=irl.printer.data.service.impl.DataServiceImpl, count=2
Event: 124.732 Thread 0x00000232599e2960 redefined class name=irl.printer.data.controller.DataController, count=1

Internal exceptions (20 events):
Event: 16.127 Thread 0x000002326f72e2b0 Exception <a 'java/lang/ClassNotFoundException'{0x000000008a6bb148}: org/springframework/security/web/servletapi/SecurityContextHolderAwareRequestWrapperCustomizer> (0x000000008a6bb148) 
thrown [s\src\hotspot\share\classfile\systemDictionary.cpp, line 312]
Event: 16.130 Thread 0x000002326f72e2b0 Exception <a 'java/lang/ClassNotFoundException'{0x000000008a6d88c8}: org/springframework/security/web/servletapi/HttpServlet3RequestFactory$Servlet3SecurityContextHolderAwareRequestWrapperCustomizer> (0x000000008a6d88c8) 
thrown [s\src\hotspot\share\classfile\systemDictionary.cpp, line 312]
Event: 16.137 Thread 0x000002326f72e2b0 Exception <a 'java/lang/ClassNotFoundException'{0x000000008a6f3e60}: jakarta/servlet/http/HttpServletRequestBeanInfo> (0x000000008a6f3e60) 
thrown [s\src\hotspot\share\classfile\systemDictionary.cpp, line 312]
Event: 16.137 Thread 0x000002326f72e2b0 Exception <a 'java/lang/ClassNotFoundException'{0x000000008a6fdba8}: jakarta/servlet/http/HttpServletRequestCustomizer> (0x000000008a6fdba8) 
thrown [s\src\hotspot\share\classfile\systemDictionary.cpp, line 312]
Event: 16.139 Thread 0x000002326f72e2b0 Exception <a 'java/lang/ClassNotFoundException'{0x000000008a523070}: jakarta/servlet/ServletRequestBeanInfo> (0x000000008a523070) 
thrown [s\src\hotspot\share\classfile\systemDictionary.cpp, line 312]
Event: 16.140 Thread 0x000002326f72e2b0 Exception <a 'java/lang/ClassNotFoundException'{0x000000008a52ca18}: jakarta/servlet/ServletRequestCustomizer> (0x000000008a52ca18) 
thrown [s\src\hotspot\share\classfile\systemDictionary.cpp, line 312]
Event: 16.298 Thread 0x000002326f72bb50 Exception <a 'java/lang/NoSuchMethodError'{0x0000000089de59b0}: 'java.lang.Object java.lang.invoke.DirectMethodHandle$Holder.invokeVirtual(java.lang.Object, java.lang.Object, int, int)'> (0x0000000089de59b0) 
thrown [s\src\hotspot\share\interpreter\linkResolver.cpp, line 773]
Event: 16.298 Thread 0x000002326e154880 Exception <a 'java/lang/NoSuchMethodError'{0x000000008a4277f0}: 'java.lang.Object java.lang.invoke.DirectMethodHandle$Holder.invokeVirtual(java.lang.Object, java.lang.Object, int, int)'> (0x000000008a4277f0) 
thrown [s\src\hotspot\share\interpreter\linkResolver.cpp, line 773]
Event: 16.298 Thread 0x000002326f72ae30 Exception <a 'java/lang/NoSuchMethodError'{0x0000000089e2cc60}: 'java.lang.Object java.lang.invoke.DirectMethodHandle$Holder.invokeVirtual(java.lang.Object, java.lang.Object, int, int)'> (0x0000000089e2cc60) 
thrown [s\src\hotspot\share\interpreter\linkResolver.cpp, line 773]
Event: 16.299 Thread 0x000002326f72d590 Exception <a 'java/lang/NoSuchMethodError'{0x0000000089db4388}: 'java.lang.Object java.lang.invoke.DirectMethodHandle$Holder.invokeVirtual(java.lang.Object, java.lang.Object, int, int)'> (0x0000000089db4388) 
thrown [s\src\hotspot\share\interpreter\linkResolver.cpp, line 773]
Event: 16.299 Thread 0x000002326f731dc0 Exception <a 'java/lang/NoSuchMethodError'{0x0000000089d2b958}: 'java.lang.Object java.lang.invoke.DirectMethodHandle$Holder.invokeVirtual(java.lang.Object, java.lang.Object, int, int)'> (0x0000000089d2b958) 
thrown [s\src\hotspot\share\interpreter\linkResolver.cpp, line 773]
Event: 16.301 Thread 0x000002326f72bb50 Exception <a 'java/lang/NoSuchMethodError'{0x0000000089de9e30}: 'java.lang.Object java.lang.invoke.DirectMethodHandle$Holder.invokeSpecial(java.lang.Object, java.lang.Object, java.lang.Object, int, int)'> (0x0000000089de9e30) 
thrown [s\src\hotspot\share\interpreter\linkResolver.cpp, line 773]
Event: 16.301 Thread 0x000002326f72d590 Exception <a 'java/lang/NoSuchMethodError'{0x0000000089db8030}: 'java.lang.Object java.lang.invoke.DirectMethodHandle$Holder.invokeSpecial(java.lang.Object, java.lang.Object, java.lang.Object, int, int)'> (0x0000000089db8030) 
thrown [s\src\hotspot\share\interpreter\linkResolver.cpp, line 773]
Event: 16.301 Thread 0x000002326f731dc0 Exception <a 'java/lang/NoSuchMethodError'{0x0000000089d2f730}: 'java.lang.Object java.lang.invoke.DirectMethodHandle$Holder.invokeSpecial(java.lang.Object, java.lang.Object, java.lang.Object, int, int)'> (0x0000000089d2f730) 
thrown [s\src\hotspot\share\interpreter\linkResolver.cpp, line 773]
Event: 16.489 Thread 0x000002326f731dc0 Exception <a 'java/lang/NoSuchMethodError'{0x0000000088971840}: 'void java.lang.invoke.DirectMethodHandle$Holder.invokeSpecialIFC(java.lang.Object, java.lang.Object, int, java.lang.Object, java.lang.Object, java.lang.Object, java.lang.Object)'> (0x0000000088971840) 
thrown [s\src\hotspot\share\interpreter\linkResolver.cpp, line 773]
Event: 16.489 Thread 0x000002326e154880 Exception <a 'java/lang/NoSuchMethodError'{0x00000000889ba3c0}: 'void java.lang.invoke.DirectMethodHandle$Holder.invokeSpecialIFC(java.lang.Object, java.lang.Object, int, java.lang.Object, java.lang.Object, java.lang.Object, java.lang.Object)'> (0x00000000889ba3c0) 
thrown [s\src\hotspot\share\interpreter\linkResolver.cpp, line 773]
Event: 16.489 Thread 0x000002326f72bb50 Exception <a 'java/lang/NoSuchMethodError'{0x00000000889368f0}: 'void java.lang.invoke.DirectMethodHandle$Holder.invokeSpecialIFC(java.lang.Object, java.lang.Object, int, java.lang.Object, java.lang.Object, java.lang.Object, java.lang.Object)'> (0x00000000889368f0) 
thrown [s\src\hotspot\share\interpreter\linkResolver.cpp, line 773]
Event: 16.489 Thread 0x000002326f731730 Exception <a 'java/lang/NoSuchMethodError'{0x0000000088957030}: 'void java.lang.invoke.DirectMethodHandle$Holder.invokeSpecialIFC(java.lang.Object, java.lang.Object, int, java.lang.Object, java.lang.Object, java.lang.Object, java.lang.Object)'> (0x0000000088957030) 
thrown [s\src\hotspot\share\interpreter\linkResolver.cpp, line 773]
Event: 16.489 Thread 0x000002326f72ae30 Exception <a 'java/lang/NoSuchMethodError'{0x00000000890b66b8}: 'void java.lang.invoke.DirectMethodHandle$Holder.invokeSpecialIFC(java.lang.Object, java.lang.Object, int, java.lang.Object, java.lang.Object, java.lang.Object, java.lang.Object)'> (0x00000000890b66b8) 
thrown [s\src\hotspot\share\interpreter\linkResolver.cpp, line 773]
Event: 16.489 Thread 0x000002326f72d590 Exception <a 'java/lang/NoSuchMethodError'{0x0000000088af9440}: 'void java.lang.invoke.DirectMethodHandle$Holder.invokeSpecialIFC(java.lang.Object, java.lang.Object, int, java.lang.Object, java.lang.Object, java.lang.Object, java.lang.Object)'> (0x0000000088af9440) 
thrown [s\src\hotspot\share\interpreter\linkResolver.cpp, line 773]

ZGC Phase Switch (0 events):
No events

VM Operations (20 events):
Event: 124.699 Executing VM operation: ChangeSingleStep
Event: 124.699 Executing VM operation: ChangeSingleStep done
Event: 124.699 Executing VM operation: ChangeSingleStep
Event: 124.699 Executing VM operation: ChangeSingleStep done
Event: 124.700 Executing VM operation: ChangeSingleStep
Event: 124.700 Executing VM operation: ChangeSingleStep done
Event: 124.700 Executing VM operation: ChangeSingleStep
Event: 124.700 Executing VM operation: ChangeSingleStep done
Event: 124.701 Executing VM operation: ChangeSingleStep
Event: 124.701 Executing VM operation: ChangeSingleStep done
Event: 124.702 Executing VM operation: ChangeSingleStep
Event: 124.702 Executing VM operation: ChangeSingleStep done
Event: 124.703 Executing VM operation: ChangeSingleStep
Event: 124.703 Executing VM operation: ChangeSingleStep done
Event: 124.704 Executing VM operation: ChangeSingleStep
Event: 124.704 Executing VM operation: ChangeSingleStep done
Event: 124.723 Executing VM operation: RedefineClasses
Event: 124.751 Executing VM operation: RedefineClasses done
Event: 124.862 Executing VM operation: ChangeSingleStep
Event: 124.862 Executing VM operation: ChangeSingleStep done

Events (20 events):
Event: 26.615 Thread 0x0000023267ad5a20 Thread exited: 0x0000023267ad5a20
Event: 27.663 Thread 0x0000023267ad5350 Thread exited: 0x0000023267ad5350
Event: 28.211 Thread 0x00000232741f3300 Thread added: 0x00000232741f3300
Event: 28.211 Thread 0x00000232741f17c0 Thread added: 0x00000232741f17c0
Event: 28.211 Thread 0x00000232741f6980 Thread added: 0x00000232741f6980
Event: 31.817 Thread 0x00000232741f6980 Thread exited: 0x00000232741f6980
Event: 31.817 Thread 0x00000232741f17c0 Thread exited: 0x00000232741f17c0
Event: 32.348 Thread 0x00000232741f5510 Thread added: 0x00000232741f5510
Event: 32.349 Thread 0x00000232741f10f0 Thread added: 0x00000232741f10f0
Event: 32.858 Thread 0x00000232741f10f0 Thread exited: 0x00000232741f10f0
Event: 32.858 Thread 0x00000232741f5510 Thread exited: 0x00000232741f5510
Event: 35.971 Thread 0x00000232741f3300 Thread exited: 0x00000232741f3300
Event: 36.524 Thread 0x00000232741f2c30 Thread added: 0x00000232741f2c30
Event: 36.524 Thread 0x00000232741f40a0 Thread added: 0x00000232741f40a0
Event: 36.524 Thread 0x00000232741f4770 Thread added: 0x00000232741f4770
Event: 44.425 Thread 0x00000232741f4770 Thread exited: 0x00000232741f4770
Event: 44.425 Thread 0x00000232741f40a0 Thread exited: 0x00000232741f40a0
Event: 47.855 Thread 0x000002326f72b4c0 Thread exited: 0x000002326f72b4c0
Event: 49.433 Thread 0x00000232741f2c30 Thread exited: 0x00000232741f2c30
Event: 91.076 Thread 0x000002326cf364d0 Thread exited: 0x000002326cf364d0


Dynamic libraries:
0x00007ff649a20000 - 0x00007ff649a2e000 	C:\STS4\sts-4.23.1.RELEASE\plugins\org.eclipse.justj.openjdk.hotspot.jre.full.win32.x86_64_21.0.3.v20240426-1530\jre\bin\javaw.exe
0x00007ffb89e90000 - 0x00007ffb8a0a7000 	C:\WINDOWS\SYSTEM32\ntdll.dll
0x00007ffb89210000 - 0x00007ffb892d4000 	C:\WINDOWS\System32\KERNEL32.DLL
0x00007ffb87580000 - 0x00007ffb8792d000 	C:\WINDOWS\System32\KERNELBASE.dll
0x00007ffb879f0000 - 0x00007ffb87b01000 	C:\WINDOWS\System32\ucrtbase.dll
0x00007ffb73c50000 - 0x00007ffb73c68000 	C:\STS4\sts-4.23.1.RELEASE\plugins\org.eclipse.justj.openjdk.hotspot.jre.full.win32.x86_64_21.0.3.v20240426-1530\jre\bin\jli.dll
0x00007ffb74050000 - 0x00007ffb7406b000 	C:\STS4\sts-4.23.1.RELEASE\plugins\org.eclipse.justj.openjdk.hotspot.jre.full.win32.x86_64_21.0.3.v20240426-1530\jre\bin\VCRUNTIME140.dll
0x00007ffb89060000 - 0x00007ffb8920e000 	C:\WINDOWS\System32\USER32.dll
0x00007ffb87550000 - 0x00007ffb87576000 	C:\WINDOWS\System32\win32u.dll
0x00007ffb71380000 - 0x00007ffb71613000 	C:\WINDOWS\WinSxS\amd64_microsoft.windows.common-controls_6595b64144ccf1df_6.0.22621.3672_none_2713b9d173822955\COMCTL32.dll
0x00007ffb89410000 - 0x00007ffb89439000 	C:\WINDOWS\System32\GDI32.dll
0x00007ffb88100000 - 0x00007ffb881a7000 	C:\WINDOWS\System32\msvcrt.dll
0x00007ffb87220000 - 0x00007ffb87339000 	C:\WINDOWS\System32\gdi32full.dll
0x00007ffb87340000 - 0x00007ffb873da000 	C:\WINDOWS\System32\msvcp_win.dll
0x00007ffb895f0000 - 0x00007ffb89621000 	C:\WINDOWS\System32\IMM32.DLL
0x00007ffb7cec0000 - 0x00007ffb7cecc000 	C:\STS4\sts-4.23.1.RELEASE\plugins\org.eclipse.justj.openjdk.hotspot.jre.full.win32.x86_64_21.0.3.v20240426-1530\jre\bin\vcruntime140_1.dll
0x00007ffb431e0000 - 0x00007ffb4326e000 	C:\STS4\sts-4.23.1.RELEASE\plugins\org.eclipse.justj.openjdk.hotspot.jre.full.win32.x86_64_21.0.3.v20240426-1530\jre\bin\msvcp140.dll
0x00007ffaef5d0000 - 0x00007ffaf0352000 	C:\STS4\sts-4.23.1.RELEASE\plugins\org.eclipse.justj.openjdk.hotspot.jre.full.win32.x86_64_21.0.3.v20240426-1530\jre\bin\server\jvm.dll
0x00007ffb87bc0000 - 0x00007ffb87c72000 	C:\WINDOWS\System32\ADVAPI32.dll
0x00007ffb89d20000 - 0x00007ffb89dc9000 	C:\WINDOWS\System32\sechost.dll
0x00007ffb87b10000 - 0x00007ffb87b38000 	C:\WINDOWS\System32\bcrypt.dll
0x00007ffb899f0000 - 0x00007ffb89b04000 	C:\WINDOWS\System32\RPCRT4.dll
0x00007ffb89dd0000 - 0x00007ffb89e41000 	C:\WINDOWS\System32\WS2_32.dll
0x00007ffb86a20000 - 0x00007ffb86a6d000 	C:\WINDOWS\SYSTEM32\POWRPROF.dll
0x00007ffb7fcc0000 - 0x00007ffb7fcca000 	C:\WINDOWS\SYSTEM32\VERSION.dll
0x00007ffb7fdd0000 - 0x00007ffb7fe04000 	C:\WINDOWS\SYSTEM32\WINMM.dll
0x00007ffb86a00000 - 0x00007ffb86a13000 	C:\WINDOWS\SYSTEM32\UMPDC.dll
0x00007ffb861e0000 - 0x00007ffb861f8000 	C:\WINDOWS\SYSTEM32\kernel.appcore.dll
0x00007ffb81820000 - 0x00007ffb8182a000 	C:\STS4\sts-4.23.1.RELEASE\plugins\org.eclipse.justj.openjdk.hotspot.jre.full.win32.x86_64_21.0.3.v20240426-1530\jre\bin\jimage.dll
0x00007ffb84b20000 - 0x00007ffb84d52000 	C:\WINDOWS\SYSTEM32\DBGHELP.DLL
0x00007ffb88c70000 - 0x00007ffb88ffd000 	C:\WINDOWS\System32\combase.dll
0x00007ffb88310000 - 0x00007ffb883e7000 	C:\WINDOWS\System32\OLEAUT32.dll
0x00007ffb569f0000 - 0x00007ffb56a22000 	C:\WINDOWS\SYSTEM32\dbgcore.DLL
0x00007ffb87b40000 - 0x00007ffb87bbb000 	C:\WINDOWS\System32\bcryptPrimitives.dll
0x00007ffb732c0000 - 0x00007ffb732fc000 	C:\STS4\sts-4.23.1.RELEASE\plugins\org.eclipse.justj.openjdk.hotspot.jre.full.win32.x86_64_21.0.3.v20240426-1530\jre\bin\jdwp.dll
0x00007ffb745d0000 - 0x00007ffb745df000 	C:\STS4\sts-4.23.1.RELEASE\plugins\org.eclipse.justj.openjdk.hotspot.jre.full.win32.x86_64_21.0.3.v20240426-1530\jre\bin\instrument.dll
0x00007ffb73c30000 - 0x00007ffb73c4f000 	C:\STS4\sts-4.23.1.RELEASE\plugins\org.eclipse.justj.openjdk.hotspot.jre.full.win32.x86_64_21.0.3.v20240426-1530\jre\bin\java.dll
0x00007ffb73b70000 - 0x00007ffb73b88000 	C:\STS4\sts-4.23.1.RELEASE\plugins\org.eclipse.justj.openjdk.hotspot.jre.full.win32.x86_64_21.0.3.v20240426-1530\jre\bin\zip.dll
0x00007ffb883f0000 - 0x00007ffb88c57000 	C:\WINDOWS\System32\SHELL32.dll
0x00007ffb85100000 - 0x00007ffb859fe000 	C:\WINDOWS\SYSTEM32\windows.storage.dll
0x00007ffb84fc0000 - 0x00007ffb850ff000 	C:\WINDOWS\SYSTEM32\wintypes.dll
0x00007ffb894a0000 - 0x00007ffb89599000 	C:\WINDOWS\System32\SHCORE.dll
0x00007ffb89bc0000 - 0x00007ffb89c1e000 	C:\WINDOWS\System32\shlwapi.dll
0x00007ffb870e0000 - 0x00007ffb87101000 	C:\WINDOWS\SYSTEM32\profapi.dll
0x00007ffb7daa0000 - 0x00007ffb7daab000 	C:\STS4\sts-4.23.1.RELEASE\plugins\org.eclipse.justj.openjdk.hotspot.jre.full.win32.x86_64_21.0.3.v20240426-1530\jre\bin\dt_socket.dll
0x00007ffb85ca0000 - 0x00007ffb85ccd000 	C:\WINDOWS\SYSTEM32\IPHLPAPI.DLL
0x00007ffb86650000 - 0x00007ffb866b9000 	C:\WINDOWS\system32\mswsock.dll
0x00007ffb85cd0000 - 0x00007ffb85dc8000 	C:\WINDOWS\SYSTEM32\DNSAPI.dll
0x00007ffb89820000 - 0x00007ffb89829000 	C:\WINDOWS\System32\NSI.dll
0x00007ffb7dc20000 - 0x00007ffb7dc2a000 	C:\Windows\System32\rasadhlp.dll
0x00007ffb7fa90000 - 0x00007ffb7fb13000 	C:\WINDOWS\System32\fwpuclnt.dll
0x00007ffb74010000 - 0x00007ffb74020000 	C:\STS4\sts-4.23.1.RELEASE\plugins\org.eclipse.justj.openjdk.hotspot.jre.full.win32.x86_64_21.0.3.v20240426-1530\jre\bin\net.dll
0x00007ffb80e70000 - 0x00007ffb80fa6000 	C:\WINDOWS\SYSTEM32\WINHTTP.dll
0x00007ffb73270000 - 0x00007ffb73286000 	C:\STS4\sts-4.23.1.RELEASE\plugins\org.eclipse.justj.openjdk.hotspot.jre.full.win32.x86_64_21.0.3.v20240426-1530\jre\bin\nio.dll
0x00007ffb74030000 - 0x00007ffb7403a000 	C:\STS4\sts-4.23.1.RELEASE\plugins\org.eclipse.justj.openjdk.hotspot.jre.full.win32.x86_64_21.0.3.v20240426-1530\jre\bin\management.dll
0x00007ffb73bf0000 - 0x00007ffb73bfb000 	C:\STS4\sts-4.23.1.RELEASE\plugins\org.eclipse.justj.openjdk.hotspot.jre.full.win32.x86_64_21.0.3.v20240426-1530\jre\bin\management_ext.dll
0x00007ffb88c60000 - 0x00007ffb88c68000 	C:\WINDOWS\System32\PSAPI.DLL
0x00007ffb65710000 - 0x00007ffb65727000 	C:\WINDOWS\system32\napinsp.dll
0x00007ffb656f0000 - 0x00007ffb6570b000 	C:\WINDOWS\system32\pnrpnsp.dll
0x00007ffb656d0000 - 0x00007ffb656e1000 	C:\WINDOWS\System32\winrnr.dll
0x00007ffb57c30000 - 0x00007ffb57c45000 	C:\WINDOWS\system32\wshbth.dll
0x00007ffb22210000 - 0x00007ffb22237000 	C:\WINDOWS\system32\nlansp_c.dll
0x00007ffb86920000 - 0x00007ffb8693b000 	C:\WINDOWS\SYSTEM32\CRYPTSP.dll
0x00007ffb86140000 - 0x00007ffb86175000 	C:\WINDOWS\system32\rsaenh.dll
0x00007ffb867c0000 - 0x00007ffb867e8000 	C:\WINDOWS\SYSTEM32\USERENV.dll
0x00007ffb86940000 - 0x00007ffb8694c000 	C:\WINDOWS\SYSTEM32\CRYPTBASE.dll
0x00007ffb74040000 - 0x00007ffb74049000 	C:\STS4\sts-4.23.1.RELEASE\plugins\org.eclipse.justj.openjdk.hotspot.jre.full.win32.x86_64_21.0.3.v20240426-1530\jre\bin\extnet.dll
0x00007ffb73be0000 - 0x00007ffb73bf0000 	C:\STS4\sts-4.23.1.RELEASE\plugins\org.eclipse.justj.openjdk.hotspot.jre.full.win32.x86_64_21.0.3.v20240426-1530\jre\bin\verify.dll
0x00007ffb7db50000 - 0x00007ffb7db5e000 	C:\STS4\sts-4.23.1.RELEASE\plugins\org.eclipse.justj.openjdk.hotspot.jre.full.win32.x86_64_21.0.3.v20240426-1530\jre\bin\sunmscapi.dll
0x00007ffb873e0000 - 0x00007ffb87547000 	C:\WINDOWS\System32\CRYPT32.dll
0x00007ffb86b60000 - 0x00007ffb86b8e000 	C:\WINDOWS\SYSTEM32\ncrypt.dll
0x00007ffb86b20000 - 0x00007ffb86b57000 	C:\WINDOWS\SYSTEM32\NTASN1.dll
0x00007ffb71cb0000 - 0x00007ffb71cb8000 	C:\WINDOWS\system32\wshunix.dll

dbghelp: loaded successfully - version: 4.0.5 - missing functions: none
symbol engine: initialized successfully - sym options: 0x614 - pdb path: .;C:\STS4\sts-4.23.1.RELEASE\plugins\org.eclipse.justj.openjdk.hotspot.jre.full.win32.x86_64_21.0.3.v20240426-1530\jre\bin;C:\WINDOWS\SYSTEM32;C:\WINDOWS\WinSxS\amd64_microsoft.windows.common-controls_6595b64144ccf1df_6.0.22621.3672_none_2713b9d173822955;C:\STS4\sts-4.23.1.RELEASE\plugins\org.eclipse.justj.openjdk.hotspot.jre.full.win32.x86_64_21.0.3.v20240426-1530\jre\bin\server

VM Arguments:
jvm_args: -XX:+ShowCodeDetailsInExceptionMessages -agentlib:jdwp=transport=dt_socket,suspend=y,address=localhost:52657 -Dcom.sun.management.jmxremote -Dcom.sun.management.jmxremote.port=52655 -Dcom.sun.management.jmxremote.authenticate=false -Dcom.sun.management.jmxremote.ssl=false -Djava.rmi.server.hostname=localhost -Dspring.jmx.enabled=true -Dmanagement.endpoints.jmx.exposure.include=* -Dspring.application.admin.enabled=true -XX:TieredStopAtLevel=1 -Dspring.boot.project.name=IRL_Printer_Data_System -javaagent:C:\STS4\sts-4.23.1.RELEASE\configuration\org.eclipse.osgi\270\0\.cp\lib\javaagent-shaded.jar -Dfile.encoding=UTF-8 -Dstdout.encoding=UTF-8 -Dstderr.encoding=UTF-8 
java_command: irl.printer.data.IrlPrinterDataSystemApplication --spring.output.ansi.enabled=always
java_class_path (initial): C:\Users\Rex\Documents\workspace-spring-tool-suite-4-4.23.1.RELEASE\IRL_Printer_Data_System\target\classes;C:\Users\Rex\.m2\repository\org\springframework\boot\spring-boot-starter-data-jpa\3.3.1\spring-boot-starter-data-jpa-3.3.1.jar;C:\Users\Rex\.m2\repository\org\springframework\boot\spring-boot-starter-aop\3.3.1\spring-boot-starter-aop-3.3.1.jar;C:\Users\Rex\.m2\repository\org\aspectj\aspectjweaver\1.9.22\aspectjweaver-1.9.22.jar;C:\Users\Rex\.m2\repository\org\springframework\boot\spring-boot-starter-jdbc\3.3.1\spring-boot-starter-jdbc-3.3.1.jar;C:\Users\Rex\.m2\repository\com\zaxxer\HikariCP\5.1.0\HikariCP-5.1.0.jar;C:\Users\Rex\.m2\repository\org\springframework\spring-jdbc\6.1.10\spring-jdbc-6.1.10.jar;C:\Users\Rex\.m2\repository\org\hibernate\orm\hibernate-core\6.5.2.Final\hibernate-core-6.5.2.Final.jar;C:\Users\Rex\.m2\repository\jakarta\persistence\jakarta.persistence-api\3.1.0\jakarta.persistence-api-3.1.0.jar;C:\Users\Rex\.m2\repository\jakarta\transaction\jakarta.transaction-api\2.0.1\jakarta.transaction-api-2.0.1.jar;C:\Users\Rex\.m2\repository\org\jboss\logging\jboss-logging\3.5.3.Final\jboss-logging-3.5.3.Final.jar;C:\Users\Rex\.m2\repository\org\hibernate\common\hibernate-commons-annotations\6.0.6.Final\hibernate-commons-annotations-6.0.6.Final.jar;C:\Users\Rex\.m2\repository\io\smallrye\jandex\3.1.2\jandex-3.1.2.jar;C:\Users\Rex\.m2\repository\com\fasterxml\classmate\1.7.0\classmate-1.7.0.jar;C:\Users\Rex\.m2\repository\net\bytebuddy\byte-buddy\1.14.17\byte-buddy-1.14.17.jar;C:\Users\Rex\.m2\repository\org\glassfish\jaxb\jaxb-runtime\4.0.5\jaxb-runtime-4.0.5.jar;C:\Users\Rex\.m2\repository\org\glassfish\jaxb\jaxb-core\4.0.5\jaxb-core-4.0.5.jar;C:\Users\Rex\.m2\repository\org\eclipse\angus\angus-activation\2.0.2\angus-activation-2.0.2.jar;C:\Users\Rex\.m2\repository\org\glassfish\jaxb\txw2\4.0.5\txw2-4.0.5.jar;C:\Users\Rex\.m2\repository\com\sun\istack\istack-commons-runtime\4.1.2\istack-commons-runtime-4.1.2.jar;C:\Users\Rex\.m2\repository\jakarta\inject\jakarta.inject-api\2.0.1\jakarta.inject-api-2.0.1.jar;C:\Users\Rex\.m2\repository\org\antlr\antlr4-runtime\4.13.0\antlr4-runtime-4.13.0.jar;C:\Users\Rex\.m2\repository\org\springframework\data\spring-data-jpa\3.3.1\spring-data-jpa-3.3.1.jar;C:\Users\Rex\.m2\repository\org\springframework\data\spring-data-commons\3.3.1\spring-data-commons-3.3.1.jar;C:\Users\Rex\.m2\repository\org\springframework\spring-orm\6.1.10\spring-orm-6.1.10.jar;C:\Users\Rex\.m2\repository\org\springframework\spring-context\6.1.10\spring-context-6.1.10.jar;C:\Users\Rex\.m2\repository\org\springframework\spring-tx\6.1.10\spring-tx-6.1.10.jar;C:\Users\Rex\.m2\repository\org\springframework\spring-beans\6.1.10\spring-beans-6.1.10.jar;C:\Users\Rex\.m2\repository\org\slf4j\slf4j-api\2.0.13\slf4j-api-2.0.13.jar;C:\Users\Rex\.m2\repository\org\springframework\spring-aspects\6.1.10\spring-aspects-6.1.10.jar;C:\Users\Rex\.m2\repository\org\springframework\boot\spring-boot-starter-security\3.3.1\spring-boot-starter-security-3.3.1.jar;C:\Users\Rex\.m2\repository\org\springframework\boot\spring-boot-starter\3.3.1\spring-boot-starter-3.3.1.jar;C:\Users\Rex\.m2\repository\org\springframework\boot\spring-boot\3.3.1\spring-boot-3.3.1.jar;C:\Users\Rex\.m2\repository\org\springframework\boot\spring-boot-autoconfigure\3.3.1\spring-boot-autoconfigure-3.3.1.jar;C:\Users\Rex\.m2\repository\org\springframework\boot\spring-boot-starter-logging\3.3.1\spring-boot-starter-logging-3.3.1.jar;C:\Users\Rex\.m2\repository\ch\qos\logback\logback-classic\1.5.6\logback-classic-1.5.6.jar;C:\Users\Rex\.m2\repository\ch\qos\logback\logback-core\1.5.6\logback-core-1.5.6.jar;C:\Users\Rex\.m2\repository\org\apache\logging\log4j\log4j-to-slf4j\2.23.1\log4j-to-slf4j-2.23.1.jar;C:\Users\Rex\.m2\repository\org\apache\logging\log4j\log4j-api\2.23.1\log4j-api-2.23.1.jar;C:\Users\Rex\.m2\repository\org\slf4j\jul-to-slf4j\2.0.13\jul-to-slf4j-2.0.13.jar;C:\Users\Rex\.m2\repository\org\yaml\snakeyaml\2.2\snakeyaml-2.2.jar;C:\Users\Rex\.m2\repository\org\springframework\spring-aop\6.1.10\spring-aop-6.1.10.jar;C:\Users\Rex\.m2\repository\org\springframework\security\spring-security-config\6.3.1\spring-security-config-6.3.1.jar;C:\Users\Rex\.m2\repository\org\springframework\security\spring-security-web\6.3.1\spring-security-web-6.3.1.jar;C:\Users\Rex\.m2\repository\org\springframework\spring-expression\6.1.10\spring-expression-6.1.10.jar;C:\Users\Rex\.m2\repository\org\springframework\boot\spring-boot-starter-web\3.3.1\spring-boot-starter-web-3.3.1.jar;C:\Users\Rex\.m2\repository\org\springframework\boot\spring-boot-starter-json\3.3.1\spring-boot-starter-json-3.3.1.jar;C:\Users\Rex\.m2\repository\com\fasterxml\jackson\core\jackson-databind\2.17.1\jackson-databind-2.17.1.jar;C:\Users\Rex\.m2\repository\com\fasterxml\jackson\core\jackson-annotations\2.17.1\jackson-annotations-2.17.1.jar;C:\Users\Rex\.m2\repository\com\fasterxml\jackson\core\jackson-core\2.17.1\jackson-core-2.17.1.jar;C:\Users\Rex\.m2\repository\com\fasterxml\jackson\datatype\jackson-datatype-jdk8\2.17.1\jackson-datatype-jdk8-2.17.1.jar;C:\Users\Rex\.m2\repository\com\fasterxml\jackson\datatype\jackson-datatype-jsr310\2.17.1\jackson-datatype-jsr310-2.17.1.jar;C:\Users\Rex\.m2\repository\com\fasterxml\jackson\module\jackson-module-parameter-names\2.17.1\jackson-module-parameter-names-2.17.1.jar;C:\Users\Rex\.m2\repository\org\springframework\spring-web\6.1.10\spring-web-6.1.10.jar;C:\Users\Rex\.m2\repository\io\micrometer\micrometer-observation\1.13.1\micrometer-observation-1.13.1.jar;C:\Users\Rex\.m2\repository\io\micrometer\micrometer-commons\1.13.1\micrometer-commons-1.13.1.jar;C:\Users\Rex\.m2\repository\org\springframework\spring-webmvc\6.1.10\spring-webmvc-6.1.10.jar;C:\Users\Rex\.m2\repository\com\mysql\mysql-connector-j\8.3.0\mysql-connector-j-8.3.0.jar;C:\Users\Rex\.m2\repository\jakarta\xml\bind\jakarta.xml.bind-api\4.0.2\jakarta.xml.bind-api-4.0.2.jar;C:\Users\Rex\.m2\repository\jakarta\activation\jakarta.activation-api\2.1.3\jakarta.activation-api-2.1.3.jar;C:\Users\Rex\.m2\repository\org\springframework\spring-core\6.1.10\spring-core-6.1.10.jar;C:\Users\Rex\.m2\repository\org\springframework\spring-jcl\6.1.10\spring-jcl-6.1.10.jar;C:\Users\Rex\.m2\repository\org\springframework\security\spring-security-core\6.3.1\spring-security-core-6.3.1.jar;C:\Users\Rex\.m2\repository\org\springframework\security\spring-security-crypto\6.3.1\spring-security-crypto-6.3.1.jar;C:\Users\Rex\.m2\repository\org\apache\tomcat\embed\tomcat-embed-jasper\10.1.25\tomcat-embed-jasper-10.1.25.jar;C:\Users\Rex\.m2\repository\org\apache\tomcat\embed\tomcat-embed-core\10.1.25\tomcat-embed-core-10.1.25.jar;C:\Users\Rex\.m2\repository\org\apache\tomcat\tomcat-annotations-api\10.1.25\tomcat-annotations-api-10.1.25.jar;C:\Users\Rex\.m2\repository\org\apache\tomcat\embed\tomcat-embed-el\10.1.25\tomcat-embed-el-10.1.25.jar;C:\Users\Rex\.m2\repository\org\eclipse\jdt\ecj\3.33.0\ecj-3.33.0.jar;C:\Users\Rex\.m2\repository\org\springframework\boot\spring-boot-starter-tomcat\3.3.1\spring-boot-starter-tomcat-3.3.1.jar;C:\Users\Rex\.m2\repository\jakarta\annotation\jakarta.annotation-api\2.1.1\jakarta.annotation-api-2.1.1.jar;C:\Users\Rex\.m2\repository\org\apache\tomcat\embed\tomcat-embed-websocket\10.1.25\tomcat-embed-websocket-10.1.25.jar;C:\Users\Rex\.m2\repository\jakarta\servlet\jsp\jstl\jakarta.servlet.jsp.jstl-api\3.0.0\jakarta.servlet.jsp.jstl-api-3.0.0.jar;C:\Users\Rex\.m2\repository\jakarta\servlet\jakarta.servlet-api\6.0.0\jakarta.servlet-api-6.0.0.jar;C:\Users\Rex\.m2\repository\jakarta\el\jakarta.el-api\5.0.0\jakarta.el-api-5.0.0.jar;C:\Users\Rex\.m2\repository\org\glassfish\web\jakarta.servlet.jsp.jstl\3.0.1\jakarta.servlet.jsp.jstl-3.0.1.jar;C:\Users\Rex\.m2\repository\org\projectlombok\lombok\1.18.34\lombok-1.18.34.jar;C:\Users\Rex\.m2\repository\org\webjars\bootstrap\5.3.3\bootstrap-5.3.3.jar;C:\Users\Rex\.m2\repository\org\webjars\jquery\3.7.1\jquery-3.7.1.jar;C:\Users\Rex\.m2\repository\org\webjars\font-awesome\6.5.2\font-awesome-6.5.2.jar
Launcher Type: SUN_STANDARD

[Global flags]
     intx CICompilerCount                          = 4                                         {product} {ergonomic}
     uint ConcGCThreads                            = 2                                         {product} {ergonomic}
     uint G1ConcRefinementThreads                  = 8                                         {product} {ergonomic}
   size_t G1HeapRegionSize                         = 1048576                                   {product} {ergonomic}
    uintx GCDrainStackTargetSize                   = 64                                        {product} {ergonomic}
   size_t InitialHeapSize                          = 130023424                                 {product} {ergonomic}
     bool ManagementServer                         = true                                      {product} {command line}
   size_t MarkStackSize                            = 4194304                                   {product} {ergonomic}
   size_t MaxHeapSize                              = 2067791872                                {product} {ergonomic}
   size_t MaxNewSize                               = 1240465408                                {product} {ergonomic}
   size_t MinHeapDeltaBytes                        = 1048576                                   {product} {ergonomic}
   size_t MinHeapSize                              = 8388608                                   {product} {ergonomic}
    uintx NonNMethodCodeHeapSize                   = 4096                                   {pd product} {ergonomic}
    uintx NonProfiledCodeHeapSize                  = 0                                      {pd product} {ergonomic}
     bool ProfileInterpreter                       = false                                  {pd product} {command line}
    uintx ProfiledCodeHeapSize                     = 0                                      {pd product} {ergonomic}
     bool ShowCodeDetailsInExceptionMessages       = true                                   {manageable} {command line}
   size_t SoftMaxHeapSize                          = 2067791872                             {manageable} {ergonomic}
     intx TieredStopAtLevel                        = 1                                         {product} {command line}
     bool UseCompressedOops                        = true                           {product lp64_product} {ergonomic}
     bool UseG1GC                                  = true                                      {product} {ergonomic}
     bool UseLargePagesIndividualAllocation        = false                                  {pd product} {ergonomic}

Logging:
Log output configuration:
 #0: stdout all=warning uptime,level,tags foldmultilines=false
 #1: stderr all=off uptime,level,tags foldmultilines=false

Environment Variables:
PATH=C:\STS4\sts-4.23.1.RELEASE\plugins\org.eclipse.justj.openjdk.hotspot.jre.full.win32.x86_64_21.0.3.v20240426-1530\jre\bin;C:/STS4/sts-4.23.1.RELEASE//plugins/org.eclipse.justj.openjdk.hotspot.jre.full.win32.x86_64_21.0.3.v20240426-1530/jre/bin/server;C:/STS4/sts-4.23.1.RELEASE//plugins/org.eclipse.justj.openjdk.hotspot.jre.full.win32.x86_64_21.0.3.v20240426-1530/jre/bin;C:\Program Files\Common Files\Oracle\Java\javapath;C:\WINDOWS\system32;C:\WINDOWS;C:\WINDOWS\System32\Wbem;C:\WINDOWS\System32\WindowsPowerShell\v1.0\;C:\WINDOWS\System32\OpenSSH\;C:\Program Files\PuTTY\;C:\Users\Rex\AppData\Local\Microsoft\WindowsApps;;C:\STS4\sts-4.23.1.RELEASE;
USERNAME=Rex
OS=Windows_NT
PROCESSOR_IDENTIFIER=Intel64 Family 6 Model 140 Stepping 1, GenuineIntel
TMP=C:\Users\Rex\AppData\Local\Temp
TEMP=C:\Users\Rex\AppData\Local\Temp




Periodic native trim disabled

---------------  S Y S T E M  ---------------

OS:
 Windows 11 , 64 bit Build 22621 (10.0.22621.3958)
OS uptime: 2 days 7:42 hours

CPU: total 8 (initial active 8) (4 cores per cpu, 2 threads per core) family 6 model 140 stepping 1 microcode 0xa4, cx8, cmov, fxsr, ht, mmx, 3dnowpref, sse, sse2, sse3, ssse3, sse4.1, sse4.2, popcnt, lzcnt, tsc, tscinvbit, avx, avx2, aes, erms, clmul, bmi1, bmi2, adx, avx512f, avx512dq, avx512cd, avx512bw, avx512vl, sha, fma, vzeroupper, avx512_vpopcntdq, avx512_vpclmulqdq, avx512_vaes, avx512_vnni, clflush, clflushopt, clwb, avx512_vbmi2, avx512_vbmi, rdtscp, rdpid, fsrm, gfni, avx512_bitalg, f16c, pku, cet_ibt, cet_ss, avx512_ifma
Processor Information for all 8 processors :
  Max Mhz: 2419, Current Mhz: 2419, Mhz Limit: 2419

Memory: 4k page, system-wide physical 7886M (693M free)
TotalPageFile size 17625M (AvailPageFile size 2834M)
current process WorkingSet (physical memory assigned to process): 321M, peak: 323M
current process commit charge ("private bytes"): 353M, peak: 354M

vm_info: OpenJDK 64-Bit Server VM (21.0.3+9-LTS) for windows-amd64 JRE (21.0.3+9-LTS), built on 2024-04-16T00:00:00Z by "admin" with MS VC++ 17.7 (VS2022)

END.
